::1 - - [20/Apr/2020:12:47:25 +0200] "GET /phpmyadmin HTTP/1.1" 301 241
::1 - - [20/Apr/2020:12:47:25 +0200] "GET /phpmyadmin/ HTTP/1.1" 200 7925
::1 - - [20/Apr/2020:12:47:25 +0200] "GET /phpmyadmin/themes/pmahomme/jquery/jquery-ui-1.8.custom.css HTTP/1.1" 200 30846
::1 - - [20/Apr/2020:12:47:25 +0200] "GET /phpmyadmin/js/cross_framing_protection.js?ts=1587377976 HTTP/1.1" 200 331
::1 - - [20/Apr/2020:12:47:25 +0200] "GET /phpmyadmin/js/jquery/jquery.qtip-1.0.0.min.js?ts=1587377976 HTTP/1.1" 200 38434
::1 - - [20/Apr/2020:12:47:25 +0200] "GET /phpmyadmin/js/update-location.js?ts=1587377976 HTTP/1.1" 200 758
::1 - - [20/Apr/2020:12:47:25 +0200] "GET /phpmyadmin/js/functions.js?ts=1587377976 HTTP/1.1" 200 31563
::1 - - [20/Apr/2020:12:47:25 +0200] "GET /phpmyadmin/js/jquery/jquery-1.4.4.js?ts=1587377976 HTTP/1.1" 200 78268
::1 - - [20/Apr/2020:12:47:25 +0200] "GET /phpmyadmin/themes/pmahomme/img/b_help.png HTTP/1.1" 200 1594
::1 - - [20/Apr/2020:12:47:25 +0200] "GET /phpmyadmin/themes/pmahomme/img/logo_right.png HTTP/1.1" 200 4921
::1 - - [20/Apr/2020:12:47:25 +0200] "GET /phpmyadmin/print.css HTTP/1.1" 200 1064
::1 - - [20/Apr/2020:12:47:25 +0200] "GET /phpmyadmin/phpmyadmin.css.php?server=1&lang=nl&collation_connection=utf8_general_ci&token=68c5bfeb38986ce1b8a56e6ad6319796&js_frame=right&nocache=4762134325 HTTP/1.1" 200 41672
::1 - - [20/Apr/2020:12:47:25 +0200] "GET /phpmyadmin/js/messages.php?lang=nl&db=&collation_connection=utf8_general_ci&token=68c5bfeb38986ce1b8a56e6ad6319796 HTTP/1.1" 200 5280
::1 - - [20/Apr/2020:12:47:25 +0200] "GET /phpmyadmin/themes/pmahomme/img/input_bg.gif HTTP/1.1" 200 162
::1 - - [20/Apr/2020:12:47:25 +0200] "GET /phpmyadmin/themes/pmahomme/img/s_notice.png HTTP/1.1" 200 666
::1 - - [20/Apr/2020:12:47:26 +0200] "GET /phpmyadmin/favicon.ico HTTP/1.1" 200 18902
::1 - - [20/Apr/2020:12:47:32 +0200] "POST /phpmyadmin/index.php HTTP/1.1" 302 -
::1 - - [20/Apr/2020:12:47:32 +0200] "GET /phpmyadmin/index.php?token=68c5bfeb38986ce1b8a56e6ad6319796 HTTP/1.1" 200 7528
::1 - - [20/Apr/2020:12:47:32 +0200] "GET /phpmyadmin/phpmyadmin.css.php?server=1&token=68c5bfeb38986ce1b8a56e6ad6319796&js_frame=right&nocache=4762134325 HTTP/1.1" 200 41672
::1 - - [20/Apr/2020:12:47:32 +0200] "GET /phpmyadmin/js/messages.php?lang=nl&db=&token=68c5bfeb38986ce1b8a56e6ad6319796 HTTP/1.1" 200 5280
::1 - - [20/Apr/2020:12:47:32 +0200] "GET /phpmyadmin/themes/pmahomme/img/s_error.png HTTP/1.1" 200 701
::1 - - [20/Apr/2020:12:47:49 +0200] "POST /phpmyadmin/index.php HTTP/1.1" 302 -
::1 - - [20/Apr/2020:12:47:49 +0200] "GET /phpmyadmin/index.php?token=68c5bfeb38986ce1b8a56e6ad6319796 HTTP/1.1" 200 2609
::1 - - [20/Apr/2020:12:47:49 +0200] "GET /phpmyadmin/js/common.js?ts=1587377976 HTTP/1.1" 200 5294
::1 - - [20/Apr/2020:12:47:49 +0200] "GET /phpmyadmin/main.php?token=68c5bfeb38986ce1b8a56e6ad6319796 HTTP/1.1" 200 38852
::1 - - [20/Apr/2020:12:47:49 +0200] "GET /phpmyadmin/js/config.js?ts=1587377976 HTTP/1.1" 200 9480
::1 - - [20/Apr/2020:12:47:49 +0200] "GET /phpmyadmin/js/jquery/jquery.sprintf.js?ts=1587377976 HTTP/1.1" 200 987
::1 - - [20/Apr/2020:12:47:49 +0200] "GET /phpmyadmin/js/jquery/jquery-ui-1.8.custom.js?ts=1587377977 HTTP/1.1" 200 190765
::1 - - [20/Apr/2020:12:47:49 +0200] "GET /phpmyadmin/themes/pmahomme/img/s_host.png HTTP/1.1" 200 667
::1 - - [20/Apr/2020:12:47:49 +0200] "GET /phpmyadmin/themes/pmahomme/img/s_db.png HTTP/1.1" 200 390
::1 - - [20/Apr/2020:12:47:49 +0200] "GET /phpmyadmin/themes/pmahomme/img/b_sql.png HTTP/1.1" 200 748
::1 - - [20/Apr/2020:12:47:49 +0200] "GET /phpmyadmin/themes/pmahomme/img/s_status.png HTTP/1.1" 200 673
::1 - - [20/Apr/2020:12:47:49 +0200] "GET /phpmyadmin/themes/pmahomme/img/s_process.png HTTP/1.1" 200 512
::1 - - [20/Apr/2020:12:47:49 +0200] "GET /phpmyadmin/themes/pmahomme/img/s_rights.png HTTP/1.1" 200 533
::1 - - [20/Apr/2020:12:47:49 +0200] "GET /phpmyadmin/themes/pmahomme/img/b_import.png HTTP/1.1" 200 629
::1 - - [20/Apr/2020:12:47:49 +0200] "GET /phpmyadmin/themes/pmahomme/img/b_export.png HTTP/1.1" 200 641
::1 - - [20/Apr/2020:12:47:49 +0200] "GET /phpmyadmin/themes/pmahomme/img/s_asci.png HTTP/1.1" 200 209
::1 - - [20/Apr/2020:12:47:49 +0200] "GET /phpmyadmin/themes/pmahomme/img/s_vars.png HTTP/1.1" 200 603
::1 - - [20/Apr/2020:12:47:49 +0200] "GET /phpmyadmin/themes/pmahomme/img/s_replication.png HTTP/1.1" 200 447
::1 - - [20/Apr/2020:12:47:49 +0200] "GET /phpmyadmin/themes/pmahomme/img/b_engine.png HTTP/1.1" 200 468
::1 - - [20/Apr/2020:12:47:49 +0200] "GET /phpmyadmin/themes/pmahomme/img/b_tblops.png HTTP/1.1" 200 610
::1 - - [20/Apr/2020:12:47:49 +0200] "GET /phpmyadmin/themes/pmahomme/img/s_sync.png HTTP/1.1" 200 551
::1 - - [20/Apr/2020:12:47:49 +0200] "GET /phpmyadmin/themes/pmahomme/img/window-new.png HTTP/1.1" 200 583
::1 - - [20/Apr/2020:12:47:49 +0200] "GET /phpmyadmin/navigation.php?token=68c5bfeb38986ce1b8a56e6ad6319796 HTTP/1.1" 200 4099
::1 - - [20/Apr/2020:12:47:49 +0200] "GET /phpmyadmin/js/navigation.js HTTP/1.1" 200 2521
::1 - - [20/Apr/2020:12:47:49 +0200] "GET /phpmyadmin/js/jquery/jquery-1.4.4.js HTTP/1.1" 200 78268
::1 - - [20/Apr/2020:12:47:49 +0200] "GET /phpmyadmin/js/functions.js HTTP/1.1" 200 31563
::1 - - [20/Apr/2020:12:47:49 +0200] "GET /phpmyadmin/themes/pmahomme/img/logo_left.png HTTP/1.1" 200 4970
::1 - - [20/Apr/2020:12:47:49 +0200] "GET /phpmyadmin/themes/pmahomme/img/b_home.png HTTP/1.1" 200 806
::1 - - [20/Apr/2020:12:47:49 +0200] "GET /phpmyadmin/themes/pmahomme/img/s_loggoff.png HTTP/1.1" 200 688
::1 - - [20/Apr/2020:12:47:49 +0200] "GET /phpmyadmin/themes/pmahomme/img/b_selboard.png HTTP/1.1" 200 698
::1 - - [20/Apr/2020:12:47:49 +0200] "GET /phpmyadmin/themes/pmahomme/img/b_docs.png HTTP/1.1" 200 786
::1 - - [20/Apr/2020:12:47:49 +0200] "GET /phpmyadmin/themes/pmahomme/img/b_sqlhelp.png HTTP/1.1" 200 579
::1 - - [20/Apr/2020:12:47:49 +0200] "GET /phpmyadmin/themes/pmahomme/img/s_reload.png HTTP/1.1" 200 608
::1 - - [20/Apr/2020:12:47:49 +0200] "GET /phpmyadmin/themes/pmahomme/img/b_snewtbl.png HTTP/1.1" 200 733
::1 - - [20/Apr/2020:12:47:49 +0200] "GET /phpmyadmin/phpmyadmin.css.php?server=1&token=68c5bfeb38986ce1b8a56e6ad6319796&js_frame=right&nocache=6349513994 HTTP/1.1" 200 41672
::1 - - [20/Apr/2020:12:47:49 +0200] "GET /phpmyadmin/themes/pmahomme/img/tab_bg.png HTTP/1.1" 200 160
::1 - - [20/Apr/2020:12:47:49 +0200] "GET /phpmyadmin/themes/pmahomme/img/s_passwd.png HTTP/1.1" 200 435
::1 - - [20/Apr/2020:12:47:49 +0200] "GET /phpmyadmin/themes/pmahomme/img/s_lang.png HTTP/1.1" 200 743
::1 - - [20/Apr/2020:12:47:49 +0200] "GET /phpmyadmin/themes/pmahomme/img/s_theme.png HTTP/1.1" 200 856
::1 - - [20/Apr/2020:12:47:49 +0200] "GET /phpmyadmin/phpmyadmin.css.php?token=68c5bfeb38986ce1b8a56e6ad6319796&js_frame=left&nocache=6349513994 HTTP/1.1" 200 5861
::1 - - [20/Apr/2020:12:47:49 +0200] "GET /phpmyadmin/themes/pmahomme/img/b_more.png HTTP/1.1" 200 1002
::1 - - [20/Apr/2020:12:47:49 +0200] "GET /phpmyadmin/themes/pmahomme/img/left_nav_bg.png HTTP/1.1" 200 215
::1 - - [20/Apr/2020:12:47:52 +0200] "GET /phpmyadmin/themes/pmahomme/img/tab_hover_bg.png HTTP/1.1" 200 1278
::1 - - [20/Apr/2020:12:47:55 +0200] "GET /phpmyadmin/tbl_create.php?db=test&token=68c5bfeb38986ce1b8a56e6ad6319796 HTTP/1.1" 200 84365
::1 - - [20/Apr/2020:12:47:55 +0200] "GET /phpmyadmin/js/keyhandler.js HTTP/1.1" 200 856
::1 - - [20/Apr/2020:12:47:55 +0200] "GET /phpmyadmin/themes/pmahomme/img/item_ltr.png HTTP/1.1" 200 162
::1 - - [20/Apr/2020:12:47:55 +0200] "GET /phpmyadmin/js/messages.php?lang=nl&db=test&token=68c5bfeb38986ce1b8a56e6ad6319796 HTTP/1.1" 200 5284
::1 - - [20/Apr/2020:12:47:56 +0200] "GET /phpmyadmin/navigation.php?server=1&token=68c5bfeb38986ce1b8a56e6ad6319796&db=test&table=&lang=nl&collation_connection=utf8_general_ci HTTP/1.1" 200 4099
::1 - - [20/Apr/2020:12:47:56 +0200] "GET /phpmyadmin/themes/pmahomme/img/marked_bg.png HTTP/1.1" 200 977
::1 - - [20/Apr/2020:12:47:59 +0200] "GET /phpmyadmin/main.php?token=68c5bfeb38986ce1b8a56e6ad6319796 HTTP/1.1" 200 38852
::1 - - [20/Apr/2020:12:47:59 +0200] "GET /phpmyadmin/navigation.php?server=1&token=68c5bfeb38986ce1b8a56e6ad6319796&db=&table=&lang=nl&collation_connection=utf8_general_ci HTTP/1.1" 200 4099
::1 - - [20/Apr/2020:12:48:00 +0200] "GET /phpmyadmin/server_databases.php?token=68c5bfeb38986ce1b8a56e6ad6319796 HTTP/1.1" 200 33096
::1 - - [20/Apr/2020:12:48:00 +0200] "GET /phpmyadmin/themes/pmahomme/img/s_asc.png HTTP/1.1" 200 201
::1 - - [20/Apr/2020:12:48:00 +0200] "GET /phpmyadmin/themes/pmahomme/img/arrow_ltr.png HTTP/1.1" 200 184
::1 - - [20/Apr/2020:12:48:00 +0200] "GET /phpmyadmin/themes/pmahomme/img/b_deltbl.png HTTP/1.1" 200 660
::1 - - [20/Apr/2020:12:48:00 +0200] "GET /phpmyadmin/themes/pmahomme/img/b_newdb.png HTTP/1.1" 200 658
::1 - - [20/Apr/2020:12:48:00 +0200] "GET /phpmyadmin/themes/pmahomme/img/b_dbstatistics.png HTTP/1.1" 200 541
::1 - - [20/Apr/2020:12:48:22 +0200] "POST /phpmyadmin/db_create.php HTTP/1.1" 200 2392
::1 - - [20/Apr/2020:12:48:22 +0200] "GET /phpmyadmin/themes/pmahomme/img/s_success.png HTTP/1.1" 200 537
::1 - - [20/Apr/2020:12:48:22 +0200] "GET /phpmyadmin/navigation.php?server=1&token=68c5bfeb38986ce1b8a56e6ad6319796&db=&table=&lang=nl&collation_connection=utf8_general_ci HTTP/1.1" 200 4065
::1 - - [20/Apr/2020:12:48:22 +0200] "GET /phpmyadmin/themes/pmahomme/img/database.png HTTP/1.1" 200 390
::1 - - [20/Apr/2020:12:48:25 +0200] "GET /phpmyadmin/index.php?db=test&token=68c5bfeb38986ce1b8a56e6ad6319796 HTTP/1.1" 200 2645
::1 - - [20/Apr/2020:12:48:25 +0200] "GET /phpmyadmin/navigation.php?token=68c5bfeb38986ce1b8a56e6ad6319796&db=test HTTP/1.1" 200 4668
::1 - - [20/Apr/2020:12:48:25 +0200] "GET /phpmyadmin/db_structure.php?token=68c5bfeb38986ce1b8a56e6ad6319796&db=test HTTP/1.1" 200 8196
::1 - - [20/Apr/2020:12:48:25 +0200] "GET /phpmyadmin/js/db_structure.js?ts=1587377976 HTTP/1.1" 200 3178
::1 - - [20/Apr/2020:12:48:25 +0200] "GET /phpmyadmin/themes/pmahomme/img/b_props.png HTTP/1.1" 200 663
::1 - - [20/Apr/2020:12:48:25 +0200] "GET /phpmyadmin/themes/pmahomme/img/b_search.png HTTP/1.1" 200 615
::1 - - [20/Apr/2020:12:48:25 +0200] "GET /phpmyadmin/themes/pmahomme/img/b_newtbl.png HTTP/1.1" 200 325
::1 - - [20/Apr/2020:12:48:25 +0200] "GET /phpmyadmin/themes/pmahomme/img/error.ico HTTP/1.1" 200 5430
::1 - - [20/Apr/2020:12:48:34 +0200] "GET /phpmyadmin/main.php?token=68c5bfeb38986ce1b8a56e6ad6319796 HTTP/1.1" 200 38852
::1 - - [20/Apr/2020:12:48:34 +0200] "GET /phpmyadmin/navigation.php?server=1&token=68c5bfeb38986ce1b8a56e6ad6319796&db=&table=&lang=nl&collation_connection=utf8_general_ci HTTP/1.1" 200 4065
::1 - - [20/Apr/2020:12:48:35 +0200] "GET /phpmyadmin/server_databases.php?token=68c5bfeb38986ce1b8a56e6ad6319796 HTTP/1.1" 200 33921
::1 - - [20/Apr/2020:12:48:38 +0200] "POST /phpmyadmin/server_databases.php HTTP/1.1" 200 7588
::1 - - [20/Apr/2020:12:48:40 +0200] "POST /phpmyadmin/server_databases.php HTTP/1.1" 200 5814
::1 - - [20/Apr/2020:12:48:40 +0200] "GET /phpmyadmin/themes/pmahomme/img/b_edit.png HTTP/1.1" 200 444
::1 - - [20/Apr/2020:12:48:40 +0200] "GET /phpmyadmin/navigation.php?token=68c5bfeb38986ce1b8a56e6ad6319796 HTTP/1.1" 200 4065
::1 - - [20/Apr/2020:12:48:44 +0200] "GET /phpmyadmin/index.php?db=nieemer&token=68c5bfeb38986ce1b8a56e6ad6319796 HTTP/1.1" 200 2654
::1 - - [20/Apr/2020:12:48:44 +0200] "GET /phpmyadmin/navigation.php?token=68c5bfeb38986ce1b8a56e6ad6319796&db=nieemer HTTP/1.1" 200 4677
::1 - - [20/Apr/2020:12:48:44 +0200] "GET /phpmyadmin/db_structure.php?token=68c5bfeb38986ce1b8a56e6ad6319796&db=nieemer HTTP/1.1" 200 8262
::1 - - [20/Apr/2020:12:48:44 +0200] "GET /phpmyadmin/js/messages.php?lang=nl&db=nieemer&token=68c5bfeb38986ce1b8a56e6ad6319796 HTTP/1.1" 200 5287
::1 - - [20/Apr/2020:12:48:50 +0200] "GET /phpmyadmin/tbl_create.php?db=nieemer&token=68c5bfeb38986ce1b8a56e6ad6319796 HTTP/1.1" 200 84389
::1 - - [20/Apr/2020:12:51:27 +0200] "POST /phpmyadmin/tbl_create.php HTTP/1.1" 200 106033
::1 - - [20/Apr/2020:12:51:28 +0200] "GET /phpmyadmin/js/keyhandler.js HTTP/1.1" 304 -
::1 - - [20/Apr/2020:12:51:31 +0200] "POST /phpmyadmin/tbl_create.php HTTP/1.1" 200 2156
::1 - - [20/Apr/2020:12:51:31 +0200] "GET /phpmyadmin/themes/pmahomme/img/s_success.png HTTP/1.1" 304 -
::1 - - [20/Apr/2020:12:51:31 +0200] "GET /phpmyadmin/tbl_create.php?db=nieemer&token=68c5bfeb38986ce1b8a56e6ad6319796 HTTP/1.1" 200 84389
::1 - - [20/Apr/2020:12:51:31 +0200] "GET /phpmyadmin/themes/pmahomme/jquery/jquery-ui-1.8.custom.css HTTP/1.1" 304 -
::1 - - [20/Apr/2020:12:51:31 +0200] "GET /phpmyadmin/js/update-location.js?ts=1587377976 HTTP/1.1" 304 -
::1 - - [20/Apr/2020:12:51:31 +0200] "GET /phpmyadmin/js/jquery/jquery-1.4.4.js?ts=1587377976 HTTP/1.1" 304 -
::1 - - [20/Apr/2020:12:51:31 +0200] "GET /phpmyadmin/js/config.js?ts=1587377976 HTTP/1.1" 304 -
::1 - - [20/Apr/2020:12:51:31 +0200] "GET /phpmyadmin/js/cross_framing_protection.js?ts=1587377976 HTTP/1.1" 304 -
::1 - - [20/Apr/2020:12:51:31 +0200] "GET /phpmyadmin/js/functions.js?ts=1587377976 HTTP/1.1" 304 -
::1 - - [20/Apr/2020:12:51:31 +0200] "GET /phpmyadmin/js/jquery/jquery.qtip-1.0.0.min.js?ts=1587377976 HTTP/1.1" 304 -
::1 - - [20/Apr/2020:12:51:31 +0200] "GET /phpmyadmin/themes/pmahomme/img/s_host.png HTTP/1.1" 304 -
::1 - - [20/Apr/2020:12:51:31 +0200] "GET /phpmyadmin/themes/pmahomme/img/item_ltr.png HTTP/1.1" 304 -
::1 - - [20/Apr/2020:12:51:31 +0200] "GET /phpmyadmin/print.css HTTP/1.1" 304 -
::1 - - [20/Apr/2020:12:51:31 +0200] "GET /phpmyadmin/themes/pmahomme/img/b_help.png HTTP/1.1" 304 -
::1 - - [20/Apr/2020:12:51:31 +0200] "GET /phpmyadmin/themes/pmahomme/img/s_db.png HTTP/1.1" 304 -
::1 - - [20/Apr/2020:12:51:31 +0200] "GET /phpmyadmin/themes/pmahomme/img/s_notice.png HTTP/1.1" 304 -
::1 - - [20/Apr/2020:12:51:31 +0200] "GET /phpmyadmin/themes/pmahomme/img/input_bg.gif HTTP/1.1" 304 -
::1 - - [20/Apr/2020:12:51:31 +0200] "GET /phpmyadmin/navigation.php?token=68c5bfeb38986ce1b8a56e6ad6319796&db=nieemer HTTP/1.1" 200 5127
::1 - - [20/Apr/2020:12:51:31 +0200] "GET /phpmyadmin/js/navigation.js HTTP/1.1" 304 -
::1 - - [20/Apr/2020:12:51:31 +0200] "GET /phpmyadmin/js/jquery/jquery-1.4.4.js HTTP/1.1" 304 -
::1 - - [20/Apr/2020:12:51:31 +0200] "GET /phpmyadmin/js/functions.js HTTP/1.1" 304 -
::1 - - [20/Apr/2020:12:51:31 +0200] "GET /phpmyadmin/themes/pmahomme/img/logo_left.png HTTP/1.1" 304 -
::1 - - [20/Apr/2020:12:51:31 +0200] "GET /phpmyadmin/themes/pmahomme/img/b_home.png HTTP/1.1" 304 -
::1 - - [20/Apr/2020:12:51:31 +0200] "GET /phpmyadmin/themes/pmahomme/img/s_loggoff.png HTTP/1.1" 304 -
::1 - - [20/Apr/2020:12:51:31 +0200] "GET /phpmyadmin/themes/pmahomme/img/b_sqlhelp.png HTTP/1.1" 304 -
::1 - - [20/Apr/2020:12:51:31 +0200] "GET /phpmyadmin/themes/pmahomme/img/s_reload.png HTTP/1.1" 304 -
::1 - - [20/Apr/2020:12:51:31 +0200] "GET /phpmyadmin/themes/pmahomme/img/b_selboard.png HTTP/1.1" 304 -
::1 - - [20/Apr/2020:12:51:31 +0200] "GET /phpmyadmin/themes/pmahomme/img/b_docs.png HTTP/1.1" 304 -
::1 - - [20/Apr/2020:12:51:31 +0200] "GET /phpmyadmin/themes/pmahomme/img/b_sbrowse.png HTTP/1.1" 200 566
::1 - - [20/Apr/2020:12:51:31 +0200] "GET /phpmyadmin/themes/pmahomme/img/b_snewtbl.png HTTP/1.1" 304 -
::1 - - [20/Apr/2020:12:51:31 +0200] "GET /phpmyadmin/themes/pmahomme/img/left_nav_bg.png HTTP/1.1" 304 -
::1 - - [20/Apr/2020:12:51:33 +0200] "GET /phpmyadmin/themes/pmahomme/img/marked_bg.png HTTP/1.1" 304 -
::1 - - [20/Apr/2020:12:51:34 +0200] "GET /phpmyadmin/js/pMap.js?ts=1587377976 HTTP/1.1" 200 1915
::1 - - [20/Apr/2020:12:51:34 +0200] "GET /phpmyadmin/js/jquery/jquery-ui-1.8.custom.js?ts=1587377977 HTTP/1.1" 304 -
::1 - - [20/Apr/2020:12:51:34 +0200] "GET /phpmyadmin/sql.php?db=nieemer&token=68c5bfeb38986ce1b8a56e6ad6319796&table=menu&pos=0 HTTP/1.1" 200 25544
::1 - - [20/Apr/2020:12:51:34 +0200] "GET /phpmyadmin/themes/pmahomme/img/s_tbl.png HTTP/1.1" 200 714
::1 - - [20/Apr/2020:12:51:34 +0200] "GET /phpmyadmin/themes/pmahomme/img/b_browse.png HTTP/1.1" 200 566
::1 - - [20/Apr/2020:12:51:34 +0200] "GET /phpmyadmin/themes/pmahomme/img/b_props.png HTTP/1.1" 304 -
::1 - - [20/Apr/2020:12:51:34 +0200] "GET /phpmyadmin/themes/pmahomme/img/b_sql.png HTTP/1.1" 304 -
::1 - - [20/Apr/2020:12:51:34 +0200] "GET /phpmyadmin/themes/pmahomme/img/b_search.png HTTP/1.1" 304 -
::1 - - [20/Apr/2020:12:51:34 +0200] "GET /phpmyadmin/themes/pmahomme/img/b_tblops.png HTTP/1.1" 304 -
::1 - - [20/Apr/2020:12:51:34 +0200] "GET /phpmyadmin/themes/pmahomme/img/b_tblexport.png HTTP/1.1" 200 641
::1 - - [20/Apr/2020:12:51:34 +0200] "GET /phpmyadmin/themes/pmahomme/img/b_tblimport.png HTTP/1.1" 200 629
::1 - - [20/Apr/2020:12:51:34 +0200] "GET /phpmyadmin/themes/pmahomme/img/b_edit.png HTTP/1.1" 304 -
::1 - - [20/Apr/2020:12:51:34 +0200] "GET /phpmyadmin/themes/pmahomme/img/b_insrow.png HTTP/1.1" 200 228
::1 - - [20/Apr/2020:12:51:34 +0200] "GET /phpmyadmin/themes/pmahomme/img/b_drop.png HTTP/1.1" 200 715
::1 - - [20/Apr/2020:12:51:34 +0200] "GET /phpmyadmin/themes/pmahomme/img/arrow_ltr.png HTTP/1.1" 304 -
::1 - - [20/Apr/2020:12:51:34 +0200] "GET /phpmyadmin/themes/pmahomme/img/bd_primary.png HTTP/1.1" 200 312
::1 - - [20/Apr/2020:12:51:34 +0200] "GET /phpmyadmin/themes/pmahomme/img/b_unique.png HTTP/1.1" 200 1475
::1 - - [20/Apr/2020:12:51:34 +0200] "GET /phpmyadmin/themes/pmahomme/img/bd_ftext.png HTTP/1.1" 200 219
::1 - - [20/Apr/2020:12:51:34 +0200] "GET /phpmyadmin/themes/pmahomme/img/b_index.png HTTP/1.1" 200 736
::1 - - [20/Apr/2020:12:51:34 +0200] "GET /phpmyadmin/themes/pmahomme/img/more.png HTTP/1.1" 200 553
::1 - - [20/Apr/2020:12:51:34 +0200] "GET /phpmyadmin/themes/pmahomme/img/tab_bg.png HTTP/1.1" 304 -
::1 - - [20/Apr/2020:12:51:34 +0200] "GET /phpmyadmin/themes/pmahomme/img/window-new.png HTTP/1.1" 304 -
::1 - - [20/Apr/2020:12:51:34 +0200] "GET /phpmyadmin/themes/pmahomme/img/b_relations.png HTTP/1.1" 200 217
::1 - - [20/Apr/2020:12:51:34 +0200] "GET /phpmyadmin/themes/pmahomme/img/b_primary.png HTTP/1.1" 200 612
::1 - - [20/Apr/2020:12:51:34 +0200] "GET /phpmyadmin/themes/pmahomme/img/b_print.png HTTP/1.1" 200 731
::1 - - [20/Apr/2020:12:51:34 +0200] "GET /phpmyadmin/themes/pmahomme/img/b_tblanalyse.png HTTP/1.1" 200 234
::1 - - [20/Apr/2020:12:51:34 +0200] "GET /phpmyadmin/themes/pmahomme/img/error.ico HTTP/1.1" 304 -
::1 - - [20/Apr/2020:12:51:34 +0200] "GET /phpmyadmin/themes/pmahomme/img/b_more.png HTTP/1.1" 304 -
::1 - - [20/Apr/2020:12:51:35 +0200] "GET /phpmyadmin/themes/pmahomme/img/tab_hover_bg.png HTTP/1.1" 304 -
::1 - - [20/Apr/2020:12:52:25 +0200] "GET / HTTP/1.1" 200 206
::1 - - [20/Apr/2020:12:52:25 +0200] "GET /favicon.ico HTTP/1.1" 404 209
::1 - - [20/Apr/2020:12:52:53 +0200] "GET /admin/menu.html HTTP/1.1" 404 213
::1 - - [20/Apr/2020:12:53:00 +0200] "GET /admin/menu.php HTTP/1.1" 200 540
::1 - - [20/Apr/2020:12:56:25 +0200] "POST /phpmyadmin/tbl_addfield.php HTTP/1.1" 200 114982
::1 - - [20/Apr/2020:12:56:25 +0200] "GET /phpmyadmin/themes/pmahomme/jquery/jquery-ui-1.8.custom.css HTTP/1.1" 304 -
::1 - - [20/Apr/2020:12:56:25 +0200] "GET /phpmyadmin/js/jquery/jquery-1.4.4.js?ts=1587377976 HTTP/1.1" 304 -
::1 - - [20/Apr/2020:12:56:25 +0200] "GET /phpmyadmin/js/update-location.js?ts=1587377976 HTTP/1.1" 304 -
::1 - - [20/Apr/2020:12:56:25 +0200] "GET /phpmyadmin/js/config.js?ts=1587377976 HTTP/1.1" 304 -
::1 - - [20/Apr/2020:12:56:25 +0200] "GET /phpmyadmin/js/functions.js?ts=1587377976 HTTP/1.1" 304 -
::1 - - [20/Apr/2020:12:56:25 +0200] "GET /phpmyadmin/js/jquery/jquery.qtip-1.0.0.min.js?ts=1587377976 HTTP/1.1" 304 -
::1 - - [20/Apr/2020:12:56:25 +0200] "GET /phpmyadmin/js/cross_framing_protection.js?ts=1587377976 HTTP/1.1" 304 -
::1 - - [20/Apr/2020:12:56:25 +0200] "GET /phpmyadmin/themes/pmahomme/img/item_ltr.png HTTP/1.1" 304 -
::1 - - [20/Apr/2020:12:56:25 +0200] "GET /phpmyadmin/themes/pmahomme/img/s_host.png HTTP/1.1" 304 -
::1 - - [20/Apr/2020:12:56:25 +0200] "GET /phpmyadmin/js/keyhandler.js HTTP/1.1" 304 -
::1 - - [20/Apr/2020:12:56:25 +0200] "GET /phpmyadmin/themes/pmahomme/img/s_db.png HTTP/1.1" 304 -
::1 - - [20/Apr/2020:12:56:25 +0200] "GET /phpmyadmin/themes/pmahomme/img/b_browse.png HTTP/1.1" 304 -
::1 - - [20/Apr/2020:12:56:25 +0200] "GET /phpmyadmin/themes/pmahomme/img/s_tbl.png HTTP/1.1" 304 -
::1 - - [20/Apr/2020:12:56:25 +0200] "GET /phpmyadmin/themes/pmahomme/img/b_props.png HTTP/1.1" 304 -
::1 - - [20/Apr/2020:12:56:25 +0200] "GET /phpmyadmin/themes/pmahomme/img/b_sql.png HTTP/1.1" 304 -
::1 - - [20/Apr/2020:12:56:25 +0200] "GET /phpmyadmin/themes/pmahomme/img/b_search.png HTTP/1.1" 304 -
::1 - - [20/Apr/2020:12:56:25 +0200] "GET /phpmyadmin/themes/pmahomme/img/b_insrow.png HTTP/1.1" 304 -
::1 - - [20/Apr/2020:12:56:25 +0200] "GET /phpmyadmin/themes/pmahomme/img/b_tblexport.png HTTP/1.1" 304 -
::1 - - [20/Apr/2020:12:56:25 +0200] "GET /phpmyadmin/themes/pmahomme/img/b_tblimport.png HTTP/1.1" 304 -
::1 - - [20/Apr/2020:12:56:25 +0200] "GET /phpmyadmin/print.css HTTP/1.1" 304 -
::1 - - [20/Apr/2020:12:56:25 +0200] "GET /phpmyadmin/themes/pmahomme/img/b_help.png HTTP/1.1" 304 -
::1 - - [20/Apr/2020:12:56:25 +0200] "GET /phpmyadmin/themes/pmahomme/img/b_tblops.png HTTP/1.1" 304 -
::1 - - [20/Apr/2020:12:56:25 +0200] "GET /phpmyadmin/themes/pmahomme/img/tab_bg.png HTTP/1.1" 304 -
::1 - - [20/Apr/2020:12:56:25 +0200] "GET /phpmyadmin/themes/pmahomme/img/error.ico HTTP/1.1" 304 -
::1 - - [20/Apr/2020:12:56:25 +0200] "GET /phpmyadmin/themes/pmahomme/img/s_notice.png HTTP/1.1" 304 -
::1 - - [20/Apr/2020:12:56:25 +0200] "GET /phpmyadmin/themes/pmahomme/img/input_bg.gif HTTP/1.1" 304 -
::1 - - [20/Apr/2020:12:56:25 +0200] "GET /phpmyadmin/themes/pmahomme/img/marked_bg.png HTTP/1.1" 304 -
::1 - - [20/Apr/2020:12:56:25 +0200] "GET /phpmyadmin/themes/pmahomme/img/b_more.png HTTP/1.1" 304 -
::1 - - [20/Apr/2020:12:57:28 +0200] "GET /phpmyadmin/themes/pmahomme/img/tab_hover_bg.png HTTP/1.1" 304 -
::1 - - [20/Apr/2020:13:00:11 +0200] "GET /phpmyadmin/themes/pmahomme/jquery/jquery-ui-1.8.custom.css HTTP/1.1" 304 -
::1 - - [20/Apr/2020:13:00:11 +0200] "GET /phpmyadmin/js/cross_framing_protection.js?ts=1587377976 HTTP/1.1" 304 -
::1 - - [20/Apr/2020:13:00:11 +0200] "GET /phpmyadmin/js/update-location.js?ts=1587377976 HTTP/1.1" 304 -
::1 - - [20/Apr/2020:13:00:11 +0200] "GET /phpmyadmin/js/config.js?ts=1587377976 HTTP/1.1" 304 -
::1 - - [20/Apr/2020:13:00:11 +0200] "GET /phpmyadmin/js/jquery/jquery-1.4.4.js?ts=1587377976 HTTP/1.1" 304 -
::1 - - [20/Apr/2020:13:00:11 +0200] "GET /phpmyadmin/js/functions.js?ts=1587377976 HTTP/1.1" 304 -
::1 - - [20/Apr/2020:13:00:11 +0200] "GET /phpmyadmin/js/jquery/jquery.qtip-1.0.0.min.js?ts=1587377976 HTTP/1.1" 304 -
::1 - - [20/Apr/2020:13:00:11 +0200] "GET /phpmyadmin/themes/pmahomme/img/s_host.png HTTP/1.1" 304 -
::1 - - [20/Apr/2020:13:00:11 +0200] "GET /phpmyadmin/themes/pmahomme/img/item_ltr.png HTTP/1.1" 304 -
::1 - - [20/Apr/2020:13:00:11 +0200] "GET /phpmyadmin/themes/pmahomme/img/s_db.png HTTP/1.1" 304 -
::1 - - [20/Apr/2020:13:00:11 +0200] "GET /phpmyadmin/themes/pmahomme/img/s_tbl.png HTTP/1.1" 304 -
::1 - - [20/Apr/2020:13:00:11 +0200] "GET /phpmyadmin/themes/pmahomme/img/b_props.png HTTP/1.1" 304 -
::1 - - [20/Apr/2020:13:00:11 +0200] "GET /phpmyadmin/themes/pmahomme/img/b_browse.png HTTP/1.1" 304 -
::1 - - [20/Apr/2020:13:00:11 +0200] "GET /phpmyadmin/themes/pmahomme/img/b_sql.png HTTP/1.1" 304 -
::1 - - [20/Apr/2020:13:00:11 +0200] "GET /phpmyadmin/themes/pmahomme/img/b_search.png HTTP/1.1" 304 -
::1 - - [20/Apr/2020:13:00:10 +0200] "POST /phpmyadmin/tbl_addfield.php HTTP/1.1" 200 50117
::1 - - [20/Apr/2020:13:00:11 +0200] "GET /phpmyadmin/themes/pmahomme/img/b_tblexport.png HTTP/1.1" 304 -
::1 - - [20/Apr/2020:13:00:11 +0200] "GET /phpmyadmin/themes/pmahomme/img/b_insrow.png HTTP/1.1" 304 -
::1 - - [20/Apr/2020:13:00:11 +0200] "GET /phpmyadmin/themes/pmahomme/img/b_tblimport.png HTTP/1.1" 304 -
::1 - - [20/Apr/2020:13:00:11 +0200] "GET /phpmyadmin/themes/pmahomme/img/b_tblops.png HTTP/1.1" 304 -
::1 - - [20/Apr/2020:13:00:11 +0200] "GET /phpmyadmin/print.css HTTP/1.1" 304 -
::1 - - [20/Apr/2020:13:00:11 +0200] "GET /phpmyadmin/themes/pmahomme/img/s_notice.png HTTP/1.1" 304 -
::1 - - [20/Apr/2020:13:00:11 +0200] "GET /phpmyadmin/themes/pmahomme/img/error.ico HTTP/1.1" 304 -
::1 - - [20/Apr/2020:13:00:11 +0200] "GET /phpmyadmin/themes/pmahomme/img/tab_bg.png HTTP/1.1" 304 -
::1 - - [20/Apr/2020:13:00:11 +0200] "GET /phpmyadmin/themes/pmahomme/img/b_edit.png HTTP/1.1" 304 -
::1 - - [20/Apr/2020:13:00:11 +0200] "GET /phpmyadmin/themes/pmahomme/img/b_drop.png HTTP/1.1" 304 -
::1 - - [20/Apr/2020:13:00:11 +0200] "GET /phpmyadmin/themes/pmahomme/img/b_unique.png HTTP/1.1" 304 -
::1 - - [20/Apr/2020:13:00:11 +0200] "GET /phpmyadmin/themes/pmahomme/img/bd_primary.png HTTP/1.1" 304 -
::1 - - [20/Apr/2020:13:00:11 +0200] "GET /phpmyadmin/themes/pmahomme/img/bd_ftext.png HTTP/1.1" 304 -
::1 - - [20/Apr/2020:13:00:11 +0200] "GET /phpmyadmin/themes/pmahomme/img/b_index.png HTTP/1.1" 304 -
::1 - - [20/Apr/2020:13:00:11 +0200] "GET /phpmyadmin/themes/pmahomme/img/more.png HTTP/1.1" 304 -
::1 - - [20/Apr/2020:13:00:11 +0200] "GET /phpmyadmin/themes/pmahomme/img/bd_unique.png HTTP/1.1" 200 218
::1 - - [20/Apr/2020:13:00:11 +0200] "GET /phpmyadmin/themes/pmahomme/img/b_primary.png HTTP/1.1" 304 -
::1 - - [20/Apr/2020:13:00:11 +0200] "GET /phpmyadmin/themes/pmahomme/img/bd_index.png HTTP/1.1" 200 253
::1 - - [20/Apr/2020:13:00:11 +0200] "GET /phpmyadmin/themes/pmahomme/img/arrow_ltr.png HTTP/1.1" 304 -
::1 - - [20/Apr/2020:13:00:11 +0200] "GET /phpmyadmin/themes/pmahomme/img/b_print.png HTTP/1.1" 304 -
::1 - - [20/Apr/2020:13:00:11 +0200] "GET /phpmyadmin/themes/pmahomme/img/b_relations.png HTTP/1.1" 304 -
::1 - - [20/Apr/2020:13:00:11 +0200] "GET /phpmyadmin/themes/pmahomme/img/s_success.png HTTP/1.1" 304 -
::1 - - [20/Apr/2020:13:00:11 +0200] "GET /phpmyadmin/themes/pmahomme/img/b_tblanalyse.png HTTP/1.1" 304 -
::1 - - [20/Apr/2020:13:00:11 +0200] "GET /phpmyadmin/themes/pmahomme/img/b_help.png HTTP/1.1" 304 -
::1 - - [20/Apr/2020:13:00:11 +0200] "GET /phpmyadmin/themes/pmahomme/img/input_bg.gif HTTP/1.1" 304 -
::1 - - [20/Apr/2020:13:00:11 +0200] "GET /phpmyadmin/themes/pmahomme/img/b_more.png HTTP/1.1" 304 -
::1 - - [20/Apr/2020:13:00:22 +0200] "GET /phpmyadmin/themes/pmahomme/img/marked_bg.png HTTP/1.1" 304 -
::1 - - [20/Apr/2020:13:00:23 +0200] "GET /phpmyadmin/tbl_alter.php?db=nieemer&table=menu&token=68c5bfeb38986ce1b8a56e6ad6319796&goto=tbl_structure.php&back=tbl_structure.php&field=prijs HTTP/1.1" 200 36032
::1 - - [20/Apr/2020:13:00:23 +0200] "GET /phpmyadmin/js/keyhandler.js HTTP/1.1" 304 -
::1 - - [20/Apr/2020:13:00:37 +0200] "POST /phpmyadmin/tbl_alter.php HTTP/1.1" 200 48437
::1 - - [20/Apr/2020:13:07:44 +0200] "GET /phpmyadmin/themes/pmahomme/img/marked_bg.png HTTP/1.1" 304 -
::1 - - [20/Apr/2020:13:15:00 +0200] "GET /phpmyadmin/tbl_alter.php?db=nieemer&table=menu&token=68c5bfeb38986ce1b8a56e6ad6319796&goto=tbl_structure.php&back=tbl_structure.php&field=categorie HTTP/1.1" 200 36086
::1 - - [20/Apr/2020:13:15:00 +0200] "GET /phpmyadmin/js/cross_framing_protection.js?ts=1587377976 HTTP/1.1" 304 -
::1 - - [20/Apr/2020:13:15:00 +0200] "GET /phpmyadmin/themes/pmahomme/jquery/jquery-ui-1.8.custom.css HTTP/1.1" 304 -
::1 - - [20/Apr/2020:13:15:00 +0200] "GET /phpmyadmin/js/update-location.js?ts=1587377976 HTTP/1.1" 304 -
::1 - - [20/Apr/2020:13:15:00 +0200] "GET /phpmyadmin/js/jquery/jquery-1.4.4.js?ts=1587377976 HTTP/1.1" 304 -
::1 - - [20/Apr/2020:13:15:00 +0200] "GET /phpmyadmin/js/functions.js?ts=1587377976 HTTP/1.1" 304 -
::1 - - [20/Apr/2020:13:15:00 +0200] "GET /phpmyadmin/js/config.js?ts=1587377976 HTTP/1.1" 304 -
::1 - - [20/Apr/2020:13:15:00 +0200] "GET /phpmyadmin/js/jquery/jquery.qtip-1.0.0.min.js?ts=1587377976 HTTP/1.1" 304 -
::1 - - [20/Apr/2020:13:15:00 +0200] "GET /phpmyadmin/themes/pmahomme/img/s_host.png HTTP/1.1" 304 -
::1 - - [20/Apr/2020:13:15:00 +0200] "GET /phpmyadmin/themes/pmahomme/img/item_ltr.png HTTP/1.1" 304 -
::1 - - [20/Apr/2020:13:15:00 +0200] "GET /phpmyadmin/js/keyhandler.js HTTP/1.1" 304 -
::1 - - [20/Apr/2020:13:15:00 +0200] "GET /phpmyadmin/themes/pmahomme/img/s_db.png HTTP/1.1" 304 -
::1 - - [20/Apr/2020:13:15:00 +0200] "GET /phpmyadmin/themes/pmahomme/img/s_tbl.png HTTP/1.1" 304 -
::1 - - [20/Apr/2020:13:15:00 +0200] "GET /phpmyadmin/themes/pmahomme/img/b_browse.png HTTP/1.1" 304 -
::1 - - [20/Apr/2020:13:15:00 +0200] "GET /phpmyadmin/themes/pmahomme/img/b_search.png HTTP/1.1" 304 -
::1 - - [20/Apr/2020:13:15:00 +0200] "GET /phpmyadmin/themes/pmahomme/img/b_sql.png HTTP/1.1" 304 -
::1 - - [20/Apr/2020:13:15:00 +0200] "GET /phpmyadmin/themes/pmahomme/img/b_insrow.png HTTP/1.1" 304 -
::1 - - [20/Apr/2020:13:15:00 +0200] "GET /phpmyadmin/themes/pmahomme/img/b_props.png HTTP/1.1" 304 -
::1 - - [20/Apr/2020:13:15:00 +0200] "GET /phpmyadmin/themes/pmahomme/img/b_tblexport.png HTTP/1.1" 304 -
::1 - - [20/Apr/2020:13:15:00 +0200] "GET /phpmyadmin/themes/pmahomme/img/b_tblimport.png HTTP/1.1" 304 -
::1 - - [20/Apr/2020:13:15:00 +0200] "GET /phpmyadmin/print.css HTTP/1.1" 304 -
::1 - - [20/Apr/2020:13:15:00 +0200] "GET /phpmyadmin/themes/pmahomme/img/b_tblops.png HTTP/1.1" 304 -
::1 - - [20/Apr/2020:13:15:00 +0200] "GET /phpmyadmin/themes/pmahomme/img/b_help.png HTTP/1.1" 304 -
::1 - - [20/Apr/2020:13:15:00 +0200] "GET /phpmyadmin/themes/pmahomme/img/s_notice.png HTTP/1.1" 304 -
::1 - - [20/Apr/2020:13:15:00 +0200] "GET /phpmyadmin/themes/pmahomme/img/tab_bg.png HTTP/1.1" 304 -
::1 - - [20/Apr/2020:13:15:00 +0200] "GET /phpmyadmin/themes/pmahomme/img/error.ico HTTP/1.1" 304 -
::1 - - [20/Apr/2020:13:15:00 +0200] "GET /phpmyadmin/themes/pmahomme/img/input_bg.gif HTTP/1.1" 304 -
::1 - - [20/Apr/2020:13:15:00 +0200] "GET /phpmyadmin/themes/pmahomme/img/b_more.png HTTP/1.1" 304 -
::1 - - [20/Apr/2020:13:15:00 +0200] "GET /phpmyadmin/themes/pmahomme/img/marked_bg.png HTTP/1.1" 304 -
::1 - - [20/Apr/2020:13:15:04 +0200] "GET /phpmyadmin/themes/pmahomme/img/tab_hover_bg.png HTTP/1.1" 304 -
::1 - - [20/Apr/2020:13:15:18 +0200] "GET /phpmyadmin/themes/pmahomme/img/b_edit.png HTTP/1.1" 304 -
::1 - - [20/Apr/2020:13:15:18 +0200] "GET /phpmyadmin/themes/pmahomme/img/b_drop.png HTTP/1.1" 304 -
::1 - - [20/Apr/2020:13:15:17 +0200] "POST /phpmyadmin/tbl_alter.php HTTP/1.1" 200 48574
::1 - - [20/Apr/2020:13:15:18 +0200] "GET /phpmyadmin/themes/pmahomme/img/bd_primary.png HTTP/1.1" 304 -
::1 - - [20/Apr/2020:13:15:18 +0200] "GET /phpmyadmin/themes/pmahomme/img/b_unique.png HTTP/1.1" 304 -
::1 - - [20/Apr/2020:13:15:18 +0200] "GET /phpmyadmin/themes/pmahomme/img/b_index.png HTTP/1.1" 304 -
::1 - - [20/Apr/2020:13:15:18 +0200] "GET /phpmyadmin/themes/pmahomme/img/more.png HTTP/1.1" 304 -
::1 - - [20/Apr/2020:13:15:18 +0200] "GET /phpmyadmin/themes/pmahomme/img/bd_ftext.png HTTP/1.1" 304 -
::1 - - [20/Apr/2020:13:15:18 +0200] "GET /phpmyadmin/themes/pmahomme/img/bd_index.png HTTP/1.1" 304 -
::1 - - [20/Apr/2020:13:15:18 +0200] "GET /phpmyadmin/themes/pmahomme/img/b_primary.png HTTP/1.1" 304 -
::1 - - [20/Apr/2020:13:15:18 +0200] "GET /phpmyadmin/themes/pmahomme/img/arrow_ltr.png HTTP/1.1" 304 -
::1 - - [20/Apr/2020:13:15:18 +0200] "GET /phpmyadmin/themes/pmahomme/img/bd_unique.png HTTP/1.1" 304 -
::1 - - [20/Apr/2020:13:15:18 +0200] "GET /phpmyadmin/themes/pmahomme/img/b_print.png HTTP/1.1" 304 -
::1 - - [20/Apr/2020:13:15:18 +0200] "GET /phpmyadmin/themes/pmahomme/img/b_relations.png HTTP/1.1" 304 -
::1 - - [20/Apr/2020:13:15:18 +0200] "GET /phpmyadmin/themes/pmahomme/img/b_tblanalyse.png HTTP/1.1" 304 -
::1 - - [20/Apr/2020:13:15:18 +0200] "GET /phpmyadmin/themes/pmahomme/img/s_success.png HTTP/1.1" 304 -
::1 - - [20/Apr/2020:13:15:20 +0200] "GET /phpmyadmin/tbl_alter.php?db=nieemer&table=menu&token=68c5bfeb38986ce1b8a56e6ad6319796&goto=tbl_structure.php&back=tbl_structure.php&field=naam HTTP/1.1" 200 36051
::1 - - [20/Apr/2020:13:15:25 +0200] "POST /phpmyadmin/tbl_alter.php HTTP/1.1" 200 48529
::1 - - [20/Apr/2020:13:15:29 +0200] "GET /phpmyadmin/tbl_alter.php?db=nieemer&table=menu&token=68c5bfeb38986ce1b8a56e6ad6319796&goto=tbl_structure.php&back=tbl_structure.php&field=prijs HTTP/1.1" 200 36029
::1 - - [20/Apr/2020:13:15:33 +0200] "POST /phpmyadmin/tbl_alter.php HTTP/1.1" 200 48423
::1 - - [20/Apr/2020:13:15:38 +0200] "GET /phpmyadmin/tbl_alter.php?db=nieemer&table=menu&token=68c5bfeb38986ce1b8a56e6ad6319796&goto=tbl_structure.php&back=tbl_structure.php&field=voorraad HTTP/1.1" 200 36042
::1 - - [20/Apr/2020:13:15:47 +0200] "POST /phpmyadmin/tbl_alter.php HTTP/1.1" 200 48235
::1 - - [20/Apr/2020:13:15:53 +0200] "GET /phpmyadmin/tbl_alter.php?db=nieemer&table=menu&token=68c5bfeb38986ce1b8a56e6ad6319796&goto=tbl_structure.php&back=tbl_structure.php&field=stock HTTP/1.1" 200 36021
::1 - - [20/Apr/2020:13:16:09 +0200] "POST /phpmyadmin/tbl_alter.php HTTP/1.1" 200 48220
::1 - - [20/Apr/2020:13:16:16 +0200] "GET /phpmyadmin/tbl_alter.php?db=nieemer&table=menu&token=68c5bfeb38986ce1b8a56e6ad6319796&goto=tbl_structure.php&back=tbl_structure.php&field=stock HTTP/1.1" 200 36021
::1 - - [20/Apr/2020:13:16:19 +0200] "POST /phpmyadmin/tbl_alter.php HTTP/1.1" 200 48220
::1 - - [20/Apr/2020:13:16:22 +0200] "GET /phpmyadmin/tbl_alter.php?db=nieemer&table=menu&token=68c5bfeb38986ce1b8a56e6ad6319796&goto=tbl_structure.php&back=tbl_structure.php&field=stock HTTP/1.1" 200 36021
::1 - - [20/Apr/2020:13:16:27 +0200] "POST /phpmyadmin/tbl_alter.php HTTP/1.1" 200 48394
::1 - - [20/Apr/2020:13:47:05 +0200] "GET / HTTP/1.1" 304 -
::1 - - [20/Apr/2020:13:47:33 +0200] "GET /admin/menu.php? HTTP/1.1" 200 626
::1 - - [20/Apr/2020:13:47:41 +0200] "GET /phpmyadmin/sql.php?db=nieemer&token=68c5bfeb38986ce1b8a56e6ad6319796&table=menu&pos=0 HTTP/1.1" 200 7720
::1 - - [20/Apr/2020:13:47:41 +0200] "GET /phpmyadmin/js/cross_framing_protection.js?ts=1587377976 HTTP/1.1" 304 -
::1 - - [20/Apr/2020:13:47:41 +0200] "GET /phpmyadmin/js/update-location.js?ts=1587377976 HTTP/1.1" 304 -
::1 - - [20/Apr/2020:13:47:41 +0200] "GET /phpmyadmin/js/jquery/jquery-1.4.4.js?ts=1587377976 HTTP/1.1" 304 -
::1 - - [20/Apr/2020:13:47:41 +0200] "GET /phpmyadmin/themes/pmahomme/jquery/jquery-ui-1.8.custom.css HTTP/1.1" 304 -
::1 - - [20/Apr/2020:13:47:41 +0200] "GET /phpmyadmin/js/jquery/jquery.qtip-1.0.0.min.js?ts=1587377976 HTTP/1.1" 304 -
::1 - - [20/Apr/2020:13:47:41 +0200] "GET /phpmyadmin/js/functions.js?ts=1587377976 HTTP/1.1" 304 -
::1 - - [20/Apr/2020:13:47:41 +0200] "GET /phpmyadmin/themes/pmahomme/img/logo_right.png HTTP/1.1" 304 -
::1 - - [20/Apr/2020:13:47:41 +0200] "GET /phpmyadmin/themes/pmahomme/img/b_help.png HTTP/1.1" 304 -
::1 - - [20/Apr/2020:13:47:41 +0200] "GET /phpmyadmin/print.css HTTP/1.1" 304 -
::1 - - [20/Apr/2020:13:47:41 +0200] "GET /phpmyadmin/themes/pmahomme/img/s_error.png HTTP/1.1" 304 -
::1 - - [20/Apr/2020:13:47:41 +0200] "GET /phpmyadmin/themes/pmahomme/img/input_bg.gif HTTP/1.1" 304 -
::1 - - [20/Apr/2020:13:47:41 +0200] "GET /phpmyadmin/sql.php?db=nieemer&token=68c5bfeb38986ce1b8a56e6ad6319796&table=menu&pos=0 HTTP/1.1" 200 7720
::1 - - [20/Apr/2020:13:47:45 +0200] "POST /phpmyadmin/index.php HTTP/1.1" 302 -
::1 - - [20/Apr/2020:13:47:45 +0200] "GET /phpmyadmin/index.php?db=nieemer&table=menu&target=sql.php&token=68c5bfeb38986ce1b8a56e6ad6319796 HTTP/1.1" 200 2717
::1 - - [20/Apr/2020:13:47:45 +0200] "GET /phpmyadmin/js/common.js?ts=1587377976 HTTP/1.1" 304 -
::1 - - [20/Apr/2020:13:47:45 +0200] "GET /phpmyadmin/navigation.php?target=sql.php&token=68c5bfeb38986ce1b8a56e6ad6319796&db=nieemer&table=menu HTTP/1.1" 200 5142
::1 - - [20/Apr/2020:13:47:45 +0200] "GET /phpmyadmin/js/functions.js HTTP/1.1" 304 -
::1 - - [20/Apr/2020:13:47:45 +0200] "GET /phpmyadmin/js/jquery/jquery-1.4.4.js HTTP/1.1" 304 -
::1 - - [20/Apr/2020:13:47:45 +0200] "GET /phpmyadmin/js/navigation.js HTTP/1.1" 304 -
::1 - - [20/Apr/2020:13:47:45 +0200] "GET /phpmyadmin/themes/pmahomme/img/logo_left.png HTTP/1.1" 304 -
::1 - - [20/Apr/2020:13:47:45 +0200] "GET /phpmyadmin/themes/pmahomme/img/b_home.png HTTP/1.1" 304 -
::1 - - [20/Apr/2020:13:47:45 +0200] "GET /phpmyadmin/themes/pmahomme/img/s_loggoff.png HTTP/1.1" 304 -
::1 - - [20/Apr/2020:13:47:45 +0200] "GET /phpmyadmin/themes/pmahomme/img/b_selboard.png HTTP/1.1" 304 -
::1 - - [20/Apr/2020:13:47:45 +0200] "GET /phpmyadmin/themes/pmahomme/img/b_docs.png HTTP/1.1" 304 -
::1 - - [20/Apr/2020:13:47:45 +0200] "GET /phpmyadmin/themes/pmahomme/img/b_sqlhelp.png HTTP/1.1" 304 -
::1 - - [20/Apr/2020:13:47:45 +0200] "GET /phpmyadmin/themes/pmahomme/img/b_sbrowse.png HTTP/1.1" 304 -
::1 - - [20/Apr/2020:13:47:45 +0200] "GET /phpmyadmin/themes/pmahomme/img/b_snewtbl.png HTTP/1.1" 304 -
::1 - - [20/Apr/2020:13:47:45 +0200] "GET /phpmyadmin/themes/pmahomme/img/s_reload.png HTTP/1.1" 304 -
::1 - - [20/Apr/2020:13:47:45 +0200] "GET /phpmyadmin/themes/pmahomme/img/left_nav_bg.png HTTP/1.1" 304 -
::1 - - [20/Apr/2020:13:47:45 +0200] "GET /phpmyadmin/js/jquery/jquery-ui-1.8.custom.js?ts=1587377977 HTTP/1.1" 304 -
::1 - - [20/Apr/2020:13:47:45 +0200] "GET /phpmyadmin/js/config.js?ts=1587377976 HTTP/1.1" 304 -
::1 - - [20/Apr/2020:13:47:45 +0200] "GET /phpmyadmin/themes/pmahomme/img/s_host.png HTTP/1.1" 304 -
::1 - - [20/Apr/2020:13:47:45 +0200] "GET /phpmyadmin/js/pMap.js?ts=1587377976 HTTP/1.1" 304 -
::1 - - [20/Apr/2020:13:47:45 +0200] "GET /phpmyadmin/themes/pmahomme/img/item_ltr.png HTTP/1.1" 304 -
::1 - - [20/Apr/2020:13:47:45 +0200] "GET /phpmyadmin/sql.php?target=sql.php&token=68c5bfeb38986ce1b8a56e6ad6319796&db=nieemer&table=menu HTTP/1.1" 200 49191
::1 - - [20/Apr/2020:13:47:45 +0200] "GET /phpmyadmin/themes/pmahomme/img/s_db.png HTTP/1.1" 304 -
::1 - - [20/Apr/2020:13:47:45 +0200] "GET /phpmyadmin/themes/pmahomme/img/s_tbl.png HTTP/1.1" 304 -
::1 - - [20/Apr/2020:13:47:45 +0200] "GET /phpmyadmin/themes/pmahomme/img/b_browse.png HTTP/1.1" 304 -
::1 - - [20/Apr/2020:13:47:45 +0200] "GET /phpmyadmin/themes/pmahomme/img/b_props.png HTTP/1.1" 304 -
::1 - - [20/Apr/2020:13:47:45 +0200] "GET /phpmyadmin/themes/pmahomme/img/b_insrow.png HTTP/1.1" 304 -
::1 - - [20/Apr/2020:13:47:45 +0200] "GET /phpmyadmin/themes/pmahomme/img/b_sql.png HTTP/1.1" 304 -
::1 - - [20/Apr/2020:13:47:45 +0200] "GET /phpmyadmin/themes/pmahomme/img/b_search.png HTTP/1.1" 304 -
::1 - - [20/Apr/2020:13:47:45 +0200] "GET /phpmyadmin/themes/pmahomme/img/b_tblimport.png HTTP/1.1" 304 -
::1 - - [20/Apr/2020:13:47:45 +0200] "GET /phpmyadmin/themes/pmahomme/img/b_tblexport.png HTTP/1.1" 304 -
::1 - - [20/Apr/2020:13:47:45 +0200] "GET /phpmyadmin/themes/pmahomme/img/b_tblops.png HTTP/1.1" 304 -
::1 - - [20/Apr/2020:13:47:45 +0200] "GET /phpmyadmin/themes/pmahomme/img/b_drop.png HTTP/1.1" 304 -
::1 - - [20/Apr/2020:13:47:45 +0200] "GET /phpmyadmin/themes/pmahomme/img/bd_primary.png HTTP/1.1" 304 -
::1 - - [20/Apr/2020:13:47:45 +0200] "GET /phpmyadmin/themes/pmahomme/img/b_edit.png HTTP/1.1" 304 -
::1 - - [20/Apr/2020:13:47:45 +0200] "GET /phpmyadmin/themes/pmahomme/img/b_unique.png HTTP/1.1" 304 -
::1 - - [20/Apr/2020:13:47:45 +0200] "GET /phpmyadmin/themes/pmahomme/img/b_index.png HTTP/1.1" 304 -
::1 - - [20/Apr/2020:13:47:45 +0200] "GET /phpmyadmin/themes/pmahomme/img/bd_ftext.png HTTP/1.1" 304 -
::1 - - [20/Apr/2020:13:47:45 +0200] "GET /phpmyadmin/themes/pmahomme/img/more.png HTTP/1.1" 304 -
::1 - - [20/Apr/2020:13:47:45 +0200] "GET /phpmyadmin/themes/pmahomme/img/bd_unique.png HTTP/1.1" 304 -
::1 - - [20/Apr/2020:13:47:45 +0200] "GET /phpmyadmin/themes/pmahomme/img/bd_index.png HTTP/1.1" 304 -
::1 - - [20/Apr/2020:13:47:45 +0200] "GET /phpmyadmin/themes/pmahomme/img/b_primary.png HTTP/1.1" 304 -
::1 - - [20/Apr/2020:13:47:45 +0200] "GET /phpmyadmin/themes/pmahomme/img/arrow_ltr.png HTTP/1.1" 304 -
::1 - - [20/Apr/2020:13:47:45 +0200] "GET /phpmyadmin/themes/pmahomme/img/b_print.png HTTP/1.1" 304 -
::1 - - [20/Apr/2020:13:47:45 +0200] "GET /phpmyadmin/themes/pmahomme/img/b_relations.png HTTP/1.1" 304 -
::1 - - [20/Apr/2020:13:47:45 +0200] "GET /phpmyadmin/themes/pmahomme/img/b_tblanalyse.png HTTP/1.1" 304 -
::1 - - [20/Apr/2020:13:47:45 +0200] "GET /phpmyadmin/themes/pmahomme/img/tab_bg.png HTTP/1.1" 304 -
::1 - - [20/Apr/2020:13:47:45 +0200] "GET /phpmyadmin/themes/pmahomme/img/error.ico HTTP/1.1" 304 -
::1 - - [20/Apr/2020:13:47:45 +0200] "GET /phpmyadmin/themes/pmahomme/img/s_notice.png HTTP/1.1" 304 -
::1 - - [20/Apr/2020:13:47:45 +0200] "GET /phpmyadmin/themes/pmahomme/img/window-new.png HTTP/1.1" 304 -
::1 - - [20/Apr/2020:13:47:45 +0200] "GET /phpmyadmin/themes/pmahomme/img/s_success.png HTTP/1.1" 304 -
::1 - - [20/Apr/2020:13:47:45 +0200] "GET /phpmyadmin/themes/pmahomme/img/b_more.png HTTP/1.1" 304 -
::1 - - [20/Apr/2020:13:47:46 +0200] "GET /phpmyadmin/themes/pmahomme/img/marked_bg.png HTTP/1.1" 304 -
::1 - - [20/Apr/2020:13:47:47 +0200] "GET /phpmyadmin/themes/pmahomme/img/tab_hover_bg.png HTTP/1.1" 304 -
::1 - - [20/Apr/2020:13:47:52 +0200] "GET /phpmyadmin/sql.php?db=nieemer&token=68c5bfeb38986ce1b8a56e6ad6319796&table=menu&pos=0 HTTP/1.1" 200 49182
::1 - - [20/Apr/2020:13:47:54 +0200] "GET /phpmyadmin/sql.php?db=nieemer&table=menu&token=68c5bfeb38986ce1b8a56e6ad6319796&pos=0 HTTP/1.1" 200 49182
::1 - - [20/Apr/2020:13:47:55 +0200] "GET /phpmyadmin/sql.php?db=nieemer&table=menu&token=68c5bfeb38986ce1b8a56e6ad6319796&pos=0 HTTP/1.1" 200 49182
::1 - - [20/Apr/2020:13:51:11 +0200] "GET /admin/menu.php? HTTP/1.1" 200 644
::1 - - [20/Apr/2020:13:51:19 +0200] "POST /admin/menu.php? HTTP/1.1" 200 644
::1 - - [20/Apr/2020:13:51:21 +0200] "GET /phpmyadmin/index.php?db=nieemer&table=menu&target=sql.php&token=68c5bfeb38986ce1b8a56e6ad6319796 HTTP/1.1" 200 2717
::1 - - [20/Apr/2020:13:51:22 +0200] "GET /phpmyadmin/navigation.php?target=sql.php&token=68c5bfeb38986ce1b8a56e6ad6319796&db=nieemer&table=menu HTTP/1.1" 200 5142
::1 - - [20/Apr/2020:13:51:22 +0200] "GET /phpmyadmin/sql.php?target=sql.php&token=68c5bfeb38986ce1b8a56e6ad6319796&db=nieemer&table=menu HTTP/1.1" 200 49191
::1 - - [20/Apr/2020:13:51:22 +0200] "GET /phpmyadmin/favicon.ico HTTP/1.1" 200 18902
::1 - - [20/Apr/2020:13:51:23 +0200] "GET /phpmyadmin/sql.php?db=nieemer&table=menu&token=68c5bfeb38986ce1b8a56e6ad6319796&pos=0 HTTP/1.1" 200 49182
::1 - - [20/Apr/2020:13:51:24 +0200] "GET /phpmyadmin/js/tbl_structure.js?ts=1587377976 HTTP/1.1" 200 1972
::1 - - [20/Apr/2020:13:51:24 +0200] "GET /phpmyadmin/tbl_structure.php?db=nieemer&table=menu&token=68c5bfeb38986ce1b8a56e6ad6319796 HTTP/1.1" 200 46581
::1 - - [20/Apr/2020:13:51:26 +0200] "GET /phpmyadmin/sql.php?db=nieemer&table=menu&token=68c5bfeb38986ce1b8a56e6ad6319796&pos=0 HTTP/1.1" 200 49182
::1 - - [20/Apr/2020:13:54:33 +0200] "POST /admin/menu.php? HTTP/1.1" 200 647
::1 - - [20/Apr/2020:13:54:36 +0200] "GET /phpmyadmin/index.php?db=nieemer&table=menu&target=sql.php&token=68c5bfeb38986ce1b8a56e6ad6319796 HTTP/1.1" 200 2717
::1 - - [20/Apr/2020:13:54:36 +0200] "GET /phpmyadmin/navigation.php?target=sql.php&token=68c5bfeb38986ce1b8a56e6ad6319796&db=nieemer&table=menu HTTP/1.1" 200 5142
::1 - - [20/Apr/2020:13:54:36 +0200] "GET /phpmyadmin/sql.php?target=sql.php&token=68c5bfeb38986ce1b8a56e6ad6319796&db=nieemer&table=menu HTTP/1.1" 200 49191
::1 - - [20/Apr/2020:13:54:36 +0200] "GET /phpmyadmin/favicon.ico HTTP/1.1" 200 18902
::1 - - [20/Apr/2020:13:54:38 +0200] "GET /phpmyadmin/sql.php?db=nieemer&table=menu&token=68c5bfeb38986ce1b8a56e6ad6319796&pos=0 HTTP/1.1" 200 49182
::1 - - [20/Apr/2020:13:54:38 +0200] "GET /phpmyadmin/tbl_structure.php?db=nieemer&table=menu&token=68c5bfeb38986ce1b8a56e6ad6319796 HTTP/1.1" 200 46581
::1 - - [20/Apr/2020:13:54:39 +0200] "GET /phpmyadmin/sql.php?db=nieemer&table=menu&token=68c5bfeb38986ce1b8a56e6ad6319796&pos=0 HTTP/1.1" 200 49182
::1 - - [20/Apr/2020:15:46:51 +0200] "POST /admin/menu.php? HTTP/1.1" 200 1159
::1 - - [20/Apr/2020:15:47:27 +0200] "POST /admin/menu.php? HTTP/1.1" 200 1171
::1 - - [20/Apr/2020:15:47:38 +0200] "POST /admin/menu.php? HTTP/1.1" 200 237
::1 - - [20/Apr/2020:15:47:53 +0200] "POST /admin/menu.php? HTTP/1.1" 200 848
::1 - - [20/Apr/2020:15:47:53 +0200] "GET /admin/menu.php? HTTP/1.1" 200 809
::1 - - [20/Apr/2020:15:48:34 +0200] "GET /admin/menu.php? HTTP/1.1" 200 811
::1 - - [20/Apr/2020:15:48:44 +0200] "GET /phpmyadmin/index.php?db=nieemer&table=menu&target=sql.php&token=68c5bfeb38986ce1b8a56e6ad6319796 HTTP/1.1" 200 7722
::1 - - [20/Apr/2020:15:48:44 +0200] "GET /phpmyadmin/themes/pmahomme/jquery/jquery-ui-1.8.custom.css HTTP/1.1" 304 -
::1 - - [20/Apr/2020:15:48:44 +0200] "GET /phpmyadmin/js/cross_framing_protection.js?ts=1587377976 HTTP/1.1" 304 -
::1 - - [20/Apr/2020:15:48:44 +0200] "GET /phpmyadmin/js/update-location.js?ts=1587377976 HTTP/1.1" 304 -
::1 - - [20/Apr/2020:15:48:44 +0200] "GET /phpmyadmin/themes/pmahomme/img/logo_right.png HTTP/1.1" 304 -
::1 - - [20/Apr/2020:15:48:44 +0200] "GET /phpmyadmin/js/jquery/jquery.qtip-1.0.0.min.js?ts=1587377976 HTTP/1.1" 304 -
::1 - - [20/Apr/2020:15:48:44 +0200] "GET /phpmyadmin/themes/pmahomme/img/b_help.png HTTP/1.1" 304 -
::1 - - [20/Apr/2020:15:48:44 +0200] "GET /phpmyadmin/js/functions.js?ts=1587377976 HTTP/1.1" 304 -
::1 - - [20/Apr/2020:15:48:44 +0200] "GET /phpmyadmin/print.css HTTP/1.1" 304 -
::1 - - [20/Apr/2020:15:48:44 +0200] "GET /phpmyadmin/js/jquery/jquery-1.4.4.js?ts=1587377976 HTTP/1.1" 304 -
::1 - - [20/Apr/2020:15:48:44 +0200] "GET /phpmyadmin/phpmyadmin.css.php?server=1&token=68c5bfeb38986ce1b8a56e6ad6319796&js_frame=right&nocache=4762134325 HTTP/1.1" 200 41672
::1 - - [20/Apr/2020:15:48:44 +0200] "GET /phpmyadmin/js/messages.php?lang=nl&db=nieemer&token=68c5bfeb38986ce1b8a56e6ad6319796 HTTP/1.1" 200 5287
::1 - - [20/Apr/2020:15:48:44 +0200] "GET /phpmyadmin/themes/pmahomme/img/s_error.png HTTP/1.1" 304 -
::1 - - [20/Apr/2020:15:48:44 +0200] "GET /phpmyadmin/themes/pmahomme/img/input_bg.gif HTTP/1.1" 304 -
::1 - - [20/Apr/2020:15:48:45 +0200] "GET /phpmyadmin/favicon.ico HTTP/1.1" 200 18902
::1 - - [20/Apr/2020:15:48:47 +0200] "POST /phpmyadmin/index.php HTTP/1.1" 302 -
::1 - - [20/Apr/2020:15:48:47 +0200] "GET /phpmyadmin/index.php?db=nieemer&table=menu&token=68c5bfeb38986ce1b8a56e6ad6319796 HTTP/1.1" 200 2679
::1 - - [20/Apr/2020:15:48:47 +0200] "GET /phpmyadmin/js/common.js?ts=1587377976 HTTP/1.1" 304 -
::1 - - [20/Apr/2020:15:48:48 +0200] "GET /phpmyadmin/js/pMap.js?ts=1587377976 HTTP/1.1" 304 -
::1 - - [20/Apr/2020:15:48:48 +0200] "GET /phpmyadmin/js/sql.js?ts=1587377976 HTTP/1.1" 200 15945
::1 - - [20/Apr/2020:15:48:48 +0200] "GET /phpmyadmin/themes/pmahomme/img/s_host.png HTTP/1.1" 304 -
::1 - - [20/Apr/2020:15:48:48 +0200] "GET /phpmyadmin/themes/pmahomme/img/item_ltr.png HTTP/1.1" 304 -
::1 - - [20/Apr/2020:15:48:48 +0200] "GET /phpmyadmin/themes/pmahomme/img/s_db.png HTTP/1.1" 304 -
::1 - - [20/Apr/2020:15:48:48 +0200] "GET /phpmyadmin/themes/pmahomme/img/s_tbl.png HTTP/1.1" 304 -
::1 - - [20/Apr/2020:15:48:48 +0200] "GET /phpmyadmin/js/config.js?ts=1587377976 HTTP/1.1" 304 -
::1 - - [20/Apr/2020:15:48:48 +0200] "GET /phpmyadmin/themes/pmahomme/img/b_browse.png HTTP/1.1" 304 -
::1 - - [20/Apr/2020:15:48:48 +0200] "GET /phpmyadmin/themes/pmahomme/img/b_props.png HTTP/1.1" 304 -
::1 - - [20/Apr/2020:15:48:48 +0200] "GET /phpmyadmin/themes/pmahomme/img/b_sql.png HTTP/1.1" 304 -
::1 - - [20/Apr/2020:15:48:48 +0200] "GET /phpmyadmin/themes/pmahomme/img/b_search.png HTTP/1.1" 304 -
::1 - - [20/Apr/2020:15:48:48 +0200] "GET /phpmyadmin/themes/pmahomme/img/b_insrow.png HTTP/1.1" 304 -
::1 - - [20/Apr/2020:15:48:48 +0200] "GET /phpmyadmin/themes/pmahomme/img/b_tblexport.png HTTP/1.1" 304 -
::1 - - [20/Apr/2020:15:48:48 +0200] "GET /phpmyadmin/themes/pmahomme/img/b_tblimport.png HTTP/1.1" 304 -
::1 - - [20/Apr/2020:15:48:48 +0200] "GET /phpmyadmin/themes/pmahomme/img/b_tblops.png HTTP/1.1" 304 -
::1 - - [20/Apr/2020:15:48:48 +0200] "GET /phpmyadmin/themes/pmahomme/img/s_fulltext.png HTTP/1.1" 200 244
::1 - - [20/Apr/2020:15:48:48 +0200] "GET /phpmyadmin/themes/pmahomme/img/b_edit.png HTTP/1.1" 304 -
::1 - - [20/Apr/2020:15:48:48 +0200] "GET /phpmyadmin/themes/pmahomme/img/b_drop.png HTTP/1.1" 304 -
::1 - - [20/Apr/2020:15:48:48 +0200] "GET /phpmyadmin/themes/pmahomme/img/b_print.png HTTP/1.1" 304 -
::1 - - [20/Apr/2020:15:48:48 +0200] "GET /phpmyadmin/themes/pmahomme/img/arrow_ltr.png HTTP/1.1" 304 -
::1 - - [20/Apr/2020:15:48:47 +0200] "GET /phpmyadmin/sql.php?token=68c5bfeb38986ce1b8a56e6ad6319796&db=nieemer&table=menu HTTP/1.1" 200 22452
::1 - - [20/Apr/2020:15:48:48 +0200] "GET /phpmyadmin/themes/pmahomme/img/b_chart.png HTTP/1.1" 200 541
::1 - - [20/Apr/2020:15:48:48 +0200] "GET /phpmyadmin/themes/pmahomme/img/b_views.png HTTP/1.1" 200 700
::1 - - [20/Apr/2020:15:48:48 +0200] "GET /phpmyadmin/themes/pmahomme/img/window-new.png HTTP/1.1" 304 -
::1 - - [20/Apr/2020:15:48:48 +0200] "GET /phpmyadmin/js/jquery/jquery-ui-1.8.custom.js?ts=1587377977 HTTP/1.1" 304 -
::1 - - [20/Apr/2020:15:48:47 +0200] "GET /phpmyadmin/navigation.php?token=68c5bfeb38986ce1b8a56e6ad6319796&db=nieemer&table=menu HTTP/1.1" 200 5142
::1 - - [20/Apr/2020:15:48:48 +0200] "GET /phpmyadmin/js/jquery/jquery-1.4.4.js HTTP/1.1" 304 -
::1 - - [20/Apr/2020:15:48:48 +0200] "GET /phpmyadmin/js/functions.js HTTP/1.1" 304 -
::1 - - [20/Apr/2020:15:48:48 +0200] "GET /phpmyadmin/themes/pmahomme/img/logo_left.png HTTP/1.1" 304 -
::1 - - [20/Apr/2020:15:48:48 +0200] "GET /phpmyadmin/themes/pmahomme/img/b_home.png HTTP/1.1" 304 -
::1 - - [20/Apr/2020:15:48:48 +0200] "GET /phpmyadmin/js/navigation.js HTTP/1.1" 304 -
::1 - - [20/Apr/2020:15:48:48 +0200] "GET /phpmyadmin/phpmyadmin.css.php?server=1&token=68c5bfeb38986ce1b8a56e6ad6319796&js_frame=right&nocache=6349513994 HTTP/1.1" 200 41672
::1 - - [20/Apr/2020:15:48:48 +0200] "GET /phpmyadmin/themes/pmahomme/img/b_selboard.png HTTP/1.1" 304 -
::1 - - [20/Apr/2020:15:48:48 +0200] "GET /phpmyadmin/themes/pmahomme/img/s_loggoff.png HTTP/1.1" 304 -
::1 - - [20/Apr/2020:15:48:48 +0200] "GET /phpmyadmin/themes/pmahomme/img/b_docs.png HTTP/1.1" 304 -
::1 - - [20/Apr/2020:15:48:48 +0200] "GET /phpmyadmin/themes/pmahomme/img/tab_bg.png HTTP/1.1" 304 -
::1 - - [20/Apr/2020:15:48:48 +0200] "GET /phpmyadmin/themes/pmahomme/img/s_notice.png HTTP/1.1" 304 -
::1 - - [20/Apr/2020:15:48:48 +0200] "GET /phpmyadmin/themes/pmahomme/img/b_sqlhelp.png HTTP/1.1" 304 -
::1 - - [20/Apr/2020:15:48:48 +0200] "GET /phpmyadmin/themes/pmahomme/img/s_success.png HTTP/1.1" 304 -
::1 - - [20/Apr/2020:15:48:48 +0200] "GET /phpmyadmin/themes/pmahomme/img/tab_hover_bg.png HTTP/1.1" 304 -
::1 - - [20/Apr/2020:15:48:48 +0200] "GET /phpmyadmin/themes/pmahomme/img/s_reload.png HTTP/1.1" 304 -
::1 - - [20/Apr/2020:15:48:48 +0200] "GET /phpmyadmin/themes/pmahomme/img/b_more.png HTTP/1.1" 304 -
::1 - - [20/Apr/2020:15:48:48 +0200] "GET /phpmyadmin/themes/pmahomme/img/b_inline_edit.png HTTP/1.1" 200 618
::1 - - [20/Apr/2020:15:48:48 +0200] "GET /phpmyadmin/themes/pmahomme/img/b_sbrowse.png HTTP/1.1" 304 -
::1 - - [20/Apr/2020:15:48:48 +0200] "GET /phpmyadmin/themes/pmahomme/img/b_snewtbl.png HTTP/1.1" 304 -
::1 - - [20/Apr/2020:15:48:48 +0200] "GET /phpmyadmin/phpmyadmin.css.php?token=68c5bfeb38986ce1b8a56e6ad6319796&js_frame=left&nocache=6349513994 HTTP/1.1" 200 5861
::1 - - [20/Apr/2020:15:48:48 +0200] "GET /phpmyadmin/themes/pmahomme/img/left_nav_bg.png HTTP/1.1" 304 -
::1 - - [20/Apr/2020:15:48:49 +0200] "GET /phpmyadmin/themes/pmahomme/img/marked_bg.png HTTP/1.1" 304 -
::1 - - [20/Apr/2020:15:48:51 +0200] "GET /phpmyadmin/sql.php?db=nieemer&table=menu&token=68c5bfeb38986ce1b8a56e6ad6319796&pos=0 HTTP/1.1" 200 22462
::1 - - [20/Apr/2020:15:48:58 +0200] "GET /phpmyadmin/tbl_get_field.php?db=nieemer&table=menu&where_clause=%60menu%60.%60id%60+%3D+1&transform_key=category&sql_query=SELECT+%2A+FROM+%60menu%60&token=68c5bfeb38986ce1b8a56e6ad6319796 HTTP/1.1" 200 4
::1 - - [20/Apr/2020:15:55:19 +0200] "GET /phpmyadmin/sql.php?db=nieemer&table=menu&token=68c5bfeb38986ce1b8a56e6ad6319796&pos=0 HTTP/1.1" 200 22462
::1 - - [20/Apr/2020:15:55:20 +0200] "GET /phpmyadmin/index.php?db=nieemer&table=menu&token=68c5bfeb38986ce1b8a56e6ad6319796 HTTP/1.1" 200 2679
::1 - - [20/Apr/2020:15:55:20 +0200] "GET /phpmyadmin/navigation.php?token=68c5bfeb38986ce1b8a56e6ad6319796&db=nieemer&table=menu HTTP/1.1" 200 5142
::1 - - [20/Apr/2020:15:55:20 +0200] "GET /phpmyadmin/sql.php?token=68c5bfeb38986ce1b8a56e6ad6319796&db=nieemer&table=menu HTTP/1.1" 200 22452
::1 - - [20/Apr/2020:15:55:21 +0200] "GET /phpmyadmin/favicon.ico HTTP/1.1" 200 18902
::1 - - [20/Apr/2020:15:55:22 +0200] "GET /phpmyadmin/sql.php?db=nieemer&table=menu&token=68c5bfeb38986ce1b8a56e6ad6319796&pos=0 HTTP/1.1" 200 22462
::1 - - [20/Apr/2020:15:55:22 +0200] "GET /phpmyadmin/themes/pmahomme/img/bd_primary.png HTTP/1.1" 304 -
::1 - - [20/Apr/2020:15:55:22 +0200] "GET /phpmyadmin/themes/pmahomme/img/b_unique.png HTTP/1.1" 304 -
::1 - - [20/Apr/2020:15:55:22 +0200] "GET /phpmyadmin/tbl_structure.php?db=nieemer&table=menu&token=68c5bfeb38986ce1b8a56e6ad6319796 HTTP/1.1" 200 46517
::1 - - [20/Apr/2020:15:55:22 +0200] "GET /phpmyadmin/js/tbl_structure.js?ts=1587377976 HTTP/1.1" 304 -
::1 - - [20/Apr/2020:15:55:22 +0200] "GET /phpmyadmin/themes/pmahomme/img/b_index.png HTTP/1.1" 304 -
::1 - - [20/Apr/2020:15:55:22 +0200] "GET /phpmyadmin/themes/pmahomme/img/more.png HTTP/1.1" 304 -
::1 - - [20/Apr/2020:15:55:22 +0200] "GET /phpmyadmin/themes/pmahomme/img/bd_ftext.png HTTP/1.1" 304 -
::1 - - [20/Apr/2020:15:55:22 +0200] "GET /phpmyadmin/themes/pmahomme/img/bd_unique.png HTTP/1.1" 304 -
::1 - - [20/Apr/2020:15:55:22 +0200] "GET /phpmyadmin/themes/pmahomme/img/bd_index.png HTTP/1.1" 304 -
::1 - - [20/Apr/2020:15:55:22 +0200] "GET /phpmyadmin/themes/pmahomme/img/b_primary.png HTTP/1.1" 304 -
::1 - - [20/Apr/2020:15:55:22 +0200] "GET /phpmyadmin/themes/pmahomme/img/b_relations.png HTTP/1.1" 304 -
::1 - - [20/Apr/2020:15:55:22 +0200] "GET /phpmyadmin/themes/pmahomme/img/b_tblanalyse.png HTTP/1.1" 304 -
::1 - - [20/Apr/2020:15:55:24 +0200] "GET /phpmyadmin/sql.php?db=nieemer&table=menu&token=68c5bfeb38986ce1b8a56e6ad6319796&pos=0 HTTP/1.1" 200 22462
::1 - - [20/Apr/2020:15:55:58 +0200] "GET /admin/menu.php? HTTP/1.1" 200 809
::1 - - [20/Apr/2020:15:57:18 +0200] "GET /admin/menu.php? HTTP/1.1" 200 651
::1 - - [20/Apr/2020:15:57:24 +0200] "POST /admin/menu.php? HTTP/1.1" 200 848
::1 - - [20/Apr/2020:15:57:24 +0200] "GET /admin/menu.php? HTTP/1.1" 200 651
::1 - - [20/Apr/2020:15:57:27 +0200] "GET /phpmyadmin/index.php?db=nieemer&table=menu&token=68c5bfeb38986ce1b8a56e6ad6319796 HTTP/1.1" 200 2679
::1 - - [20/Apr/2020:15:57:27 +0200] "GET /phpmyadmin/navigation.php?token=68c5bfeb38986ce1b8a56e6ad6319796&db=nieemer&table=menu HTTP/1.1" 200 5142
::1 - - [20/Apr/2020:15:57:27 +0200] "GET /phpmyadmin/sql.php?token=68c5bfeb38986ce1b8a56e6ad6319796&db=nieemer&table=menu HTTP/1.1" 200 27112
::1 - - [20/Apr/2020:15:57:27 +0200] "GET /phpmyadmin/favicon.ico HTTP/1.1" 200 18902
::1 - - [20/Apr/2020:15:57:44 +0200] "GET /admin/menu.php? HTTP/1.1" 200 651
::1 - - [20/Apr/2020:15:57:50 +0200] "POST /admin/menu.php? HTTP/1.1" 200 842
::1 - - [20/Apr/2020:15:57:52 +0200] "GET /phpmyadmin/index.php?db=nieemer&table=menu&token=68c5bfeb38986ce1b8a56e6ad6319796 HTTP/1.1" 200 2679
::1 - - [20/Apr/2020:15:57:52 +0200] "GET /phpmyadmin/navigation.php?token=68c5bfeb38986ce1b8a56e6ad6319796&db=nieemer&table=menu HTTP/1.1" 200 5142
::1 - - [20/Apr/2020:15:57:52 +0200] "GET /phpmyadmin/sql.php?token=68c5bfeb38986ce1b8a56e6ad6319796&db=nieemer&table=menu HTTP/1.1" 200 27112
::1 - - [20/Apr/2020:15:57:52 +0200] "GET /phpmyadmin/favicon.ico HTTP/1.1" 200 18902
::1 - - [20/Apr/2020:15:57:54 +0200] "GET /phpmyadmin/index.php?db=nieemer&table=menu&token=68c5bfeb38986ce1b8a56e6ad6319796 HTTP/1.1" 200 2679
::1 - - [20/Apr/2020:15:57:54 +0200] "GET /phpmyadmin/navigation.php?token=68c5bfeb38986ce1b8a56e6ad6319796&db=nieemer&table=menu HTTP/1.1" 200 5142
::1 - - [20/Apr/2020:15:57:54 +0200] "GET /phpmyadmin/sql.php?token=68c5bfeb38986ce1b8a56e6ad6319796&db=nieemer&table=menu HTTP/1.1" 200 27112
::1 - - [20/Apr/2020:15:57:54 +0200] "GET /phpmyadmin/favicon.ico HTTP/1.1" 200 18902
::1 - - [20/Apr/2020:15:57:56 +0200] "GET /phpmyadmin/sql.php?db=nieemer&table=menu&token=68c5bfeb38986ce1b8a56e6ad6319796&pos=0 HTTP/1.1" 200 27122
::1 - - [20/Apr/2020:15:57:57 +0200] "GET /phpmyadmin/sql.php?db=nieemer&table=menu&token=68c5bfeb38986ce1b8a56e6ad6319796&pos=0 HTTP/1.1" 200 27122
::1 - - [20/Apr/2020:16:01:02 +0200] "POST /admin/menu.php? HTTP/1.1" 200 848
::1 - - [20/Apr/2020:16:01:03 +0200] "GET /admin/menu.php? HTTP/1.1" 200 651
::1 - - [20/Apr/2020:16:01:05 +0200] "GET /phpmyadmin/sql.php?db=nieemer&table=menu&token=68c5bfeb38986ce1b8a56e6ad6319796&pos=0 HTTP/1.1" 200 29935
::1 - - [20/Apr/2020:16:01:14 +0200] "POST /admin/menu.php? HTTP/1.1" 200 848
::1 - - [20/Apr/2020:16:01:14 +0200] "GET /admin/menu.php? HTTP/1.1" 200 651
::1 - - [20/Apr/2020:16:01:17 +0200] "GET /phpmyadmin/sql.php?db=nieemer&table=menu&token=68c5bfeb38986ce1b8a56e6ad6319796&pos=0 HTTP/1.1" 200 32754
::1 - - [20/Apr/2020:16:01:29 +0200] "GET /phpmyadmin/sql.php?db=nieemer&token=68c5bfeb38986ce1b8a56e6ad6319796&table=menu&pos=0 HTTP/1.1" 200 32754
::1 - - [20/Apr/2020:16:02:01 +0200] "GET /phpmyadmin/sql.php?db=nieemer&table=menu&sql_query=SELECT+%2A+FROM+%60menu%60+ORDER+BY+%60menu%60.%60name%60+ASC&session_max_rows=30&token=68c5bfeb38986ce1b8a56e6ad6319796 HTTP/1.1" 200 36379
::1 - - [20/Apr/2020:16:02:02 +0200] "GET /phpmyadmin/themes/pmahomme/img/s_asc.png HTTP/1.1" 304 -
::1 - - [20/Apr/2020:16:02:04 +0200] "GET /phpmyadmin/tbl_structure.php?db=nieemer&table=menu&token=68c5bfeb38986ce1b8a56e6ad6319796 HTTP/1.1" 200 46517
::1 - - [20/Apr/2020:16:02:11 +0200] "GET /phpmyadmin/tbl_alter.php?db=nieemer&table=menu&token=68c5bfeb38986ce1b8a56e6ad6319796&goto=tbl_structure.php&back=tbl_structure.php&field=name HTTP/1.1" 200 35987
::1 - - [20/Apr/2020:16:02:11 +0200] "GET /phpmyadmin/js/keyhandler.js HTTP/1.1" 304 -
::1 - - [20/Apr/2020:16:02:15 +0200] "POST /phpmyadmin/tbl_alter.php HTTP/1.1" 200 47906
::1 - - [20/Apr/2020:16:02:25 +0200] "GET /phpmyadmin/main.php?token=68c5bfeb38986ce1b8a56e6ad6319796 HTTP/1.1" 200 38852
::1 - - [20/Apr/2020:16:02:26 +0200] "GET /phpmyadmin/themes/pmahomme/img/s_status.png HTTP/1.1" 304 -
::1 - - [20/Apr/2020:16:02:26 +0200] "GET /phpmyadmin/themes/pmahomme/img/s_process.png HTTP/1.1" 304 -
::1 - - [20/Apr/2020:16:02:26 +0200] "GET /phpmyadmin/js/jquery/jquery.sprintf.js?ts=1587377976 HTTP/1.1" 304 -
::1 - - [20/Apr/2020:16:02:26 +0200] "GET /phpmyadmin/themes/pmahomme/img/s_rights.png HTTP/1.1" 304 -
::1 - - [20/Apr/2020:16:02:26 +0200] "GET /phpmyadmin/themes/pmahomme/img/b_export.png HTTP/1.1" 304 -
::1 - - [20/Apr/2020:16:02:26 +0200] "GET /phpmyadmin/themes/pmahomme/img/s_vars.png HTTP/1.1" 304 -
::1 - - [20/Apr/2020:16:02:26 +0200] "GET /phpmyadmin/themes/pmahomme/img/b_import.png HTTP/1.1" 304 -
::1 - - [20/Apr/2020:16:02:26 +0200] "GET /phpmyadmin/themes/pmahomme/img/b_engine.png HTTP/1.1" 304 -
::1 - - [20/Apr/2020:16:02:26 +0200] "GET /phpmyadmin/themes/pmahomme/img/s_asci.png HTTP/1.1" 304 -
::1 - - [20/Apr/2020:16:02:26 +0200] "GET /phpmyadmin/themes/pmahomme/img/s_sync.png HTTP/1.1" 304 -
::1 - - [20/Apr/2020:16:02:26 +0200] "GET /phpmyadmin/themes/pmahomme/img/s_replication.png HTTP/1.1" 304 -
::1 - - [20/Apr/2020:16:02:26 +0200] "GET /phpmyadmin/js/messages.php?lang=nl&db=&token=68c5bfeb38986ce1b8a56e6ad6319796 HTTP/1.1" 200 5280
::1 - - [20/Apr/2020:16:02:26 +0200] "GET /phpmyadmin/themes/pmahomme/img/s_passwd.png HTTP/1.1" 304 -
::1 - - [20/Apr/2020:16:02:26 +0200] "GET /phpmyadmin/themes/pmahomme/img/s_theme.png HTTP/1.1" 304 -
::1 - - [20/Apr/2020:16:02:26 +0200] "GET /phpmyadmin/themes/pmahomme/img/s_lang.png HTTP/1.1" 304 -
::1 - - [20/Apr/2020:16:02:26 +0200] "GET /phpmyadmin/navigation.php?server=1&token=68c5bfeb38986ce1b8a56e6ad6319796&db=&table=&lang=nl&collation_connection=utf8_general_ci HTTP/1.1" 200 4065
::1 - - [20/Apr/2020:16:02:26 +0200] "GET /phpmyadmin/themes/pmahomme/img/database.png HTTP/1.1" 304 -
::1 - - [20/Apr/2020:16:02:28 +0200] "GET /phpmyadmin/server_databases.php?token=68c5bfeb38986ce1b8a56e6ad6319796 HTTP/1.1" 200 33921
::1 - - [20/Apr/2020:16:02:28 +0200] "GET /phpmyadmin/themes/pmahomme/img/b_deltbl.png HTTP/1.1" 304 -
::1 - - [20/Apr/2020:16:02:28 +0200] "GET /phpmyadmin/themes/pmahomme/img/b_newdb.png HTTP/1.1" 304 -
::1 - - [20/Apr/2020:16:02:28 +0200] "GET /phpmyadmin/themes/pmahomme/img/b_dbstatistics.png HTTP/1.1" 304 -
::1 - - [20/Apr/2020:16:02:31 +0200] "POST /phpmyadmin/server_databases.php HTTP/1.1" 200 7588
::1 - - [20/Apr/2020:16:02:33 +0200] "POST /phpmyadmin/server_databases.php HTTP/1.1" 200 5814
::1 - - [20/Apr/2020:16:02:33 +0200] "GET /phpmyadmin/navigation.php?token=68c5bfeb38986ce1b8a56e6ad6319796 HTTP/1.1" 200 4065
::1 - - [20/Apr/2020:16:02:40 +0200] "GET /phpmyadmin/index.php?db=nieemer&token=68c5bfeb38986ce1b8a56e6ad6319796 HTTP/1.1" 200 2654
::1 - - [20/Apr/2020:16:02:41 +0200] "GET /phpmyadmin/navigation.php?token=68c5bfeb38986ce1b8a56e6ad6319796&db=nieemer HTTP/1.1" 200 5127
::1 - - [20/Apr/2020:16:02:41 +0200] "GET /phpmyadmin/js/db_structure.js?ts=1587377976 HTTP/1.1" 304 -
::1 - - [20/Apr/2020:16:02:41 +0200] "GET /phpmyadmin/themes/pmahomme/img/b_select.png HTTP/1.1" 200 680
::1 - - [20/Apr/2020:16:02:41 +0200] "GET /phpmyadmin/themes/pmahomme/img/b_empty.png HTTP/1.1" 200 363
::1 - - [20/Apr/2020:16:02:41 +0200] "GET /phpmyadmin/db_structure.php?token=68c5bfeb38986ce1b8a56e6ad6319796&db=nieemer HTTP/1.1" 200 15406
::1 - - [20/Apr/2020:16:02:41 +0200] "GET /phpmyadmin/themes/pmahomme/img/b_newtbl.png HTTP/1.1" 304 -
::1 - - [20/Apr/2020:16:02:43 +0200] "GET /phpmyadmin/main.php?token=68c5bfeb38986ce1b8a56e6ad6319796 HTTP/1.1" 200 38852
::1 - - [20/Apr/2020:16:02:43 +0200] "GET /phpmyadmin/navigation.php?server=1&token=68c5bfeb38986ce1b8a56e6ad6319796&db=&table=&lang=nl&collation_connection=utf8_general_ci HTTP/1.1" 200 4065
::1 - - [20/Apr/2020:16:02:45 +0200] "GET /phpmyadmin/server_databases.php?token=68c5bfeb38986ce1b8a56e6ad6319796 HTTP/1.1" 200 33921
::1 - - [20/Apr/2020:16:02:47 +0200] "GET /phpmyadmin/navigation.php?server=1&token=68c5bfeb38986ce1b8a56e6ad6319796&db=nieemer&table=&lang=nl&collation_connection=utf8_general_ci HTTP/1.1" 200 5127
::1 - - [20/Apr/2020:16:02:47 +0200] "GET /phpmyadmin/db_structure.php?server=1&token=68c5bfeb38986ce1b8a56e6ad6319796&db=nieemer&table=&lang=nl&collation_connection=utf8_general_ci HTTP/1.1" 200 15483
::1 - - [20/Apr/2020:16:03:02 +0200] "GET /phpmyadmin/themes/pmahomme/img/s_desc.png HTTP/1.1" 200 201
::1 - - [20/Apr/2020:16:03:06 +0200] "GET /phpmyadmin/sql.php?db=nieemer&token=68c5bfeb38986ce1b8a56e6ad6319796&goto=db_structure.php&table=menu&pos=0 HTTP/1.1" 200 32780
::1 - - [20/Apr/2020:16:03:09 +0200] "GET /phpmyadmin/db_structure.php?server=1&token=68c5bfeb38986ce1b8a56e6ad6319796&db=nieemer&table=&lang=nl&collation_connection=utf8_general_ci HTTP/1.1" 200 15483
::1 - - [20/Apr/2020:16:03:11 +0200] "GET /phpmyadmin/sql.php?db=nieemer&token=68c5bfeb38986ce1b8a56e6ad6319796&goto=db_structure.php&table=menu&pos=0 HTTP/1.1" 200 32780
::1 - - [20/Apr/2020:16:03:44 +0200] "GET /phpmyadmin/tbl_structure.php?db=nieemer&table=menu&token=68c5bfeb38986ce1b8a56e6ad6319796 HTTP/1.1" 200 46517
::1 - - [20/Apr/2020:16:03:48 +0200] "GET /phpmyadmin/tbl_export.php?db=nieemer&table=menu&token=68c5bfeb38986ce1b8a56e6ad6319796&single_table=true HTTP/1.1" 200 39461
::1 - - [20/Apr/2020:16:03:48 +0200] "GET /phpmyadmin/js/export.js?ts=1587377976 HTTP/1.1" 200 5475
::1 - - [20/Apr/2020:16:03:49 +0200] "GET /phpmyadmin/tbl_structure.php?db=nieemer&table=menu&token=68c5bfeb38986ce1b8a56e6ad6319796 HTTP/1.1" 200 46517
::1 - - [20/Apr/2020:16:03:52 +0200] "GET /phpmyadmin/sql.php?db=nieemer&token=68c5bfeb38986ce1b8a56e6ad6319796&table=menu&pos=0 HTTP/1.1" 200 32754
::1 - - [20/Apr/2020:16:03:55 +0200] "GET /phpmyadmin/db_structure.php?db=nieemer&token=68c5bfeb38986ce1b8a56e6ad6319796 HTTP/1.1" 200 15406
::1 - - [20/Apr/2020:16:04:34 +0200] "GET /phpmyadmin/db_operations.php?db=nieemer&server=1&token=68c5bfeb38986ce1b8a56e6ad6319796 HTTP/1.1" 200 34954
::1 - - [20/Apr/2020:16:04:34 +0200] "GET /phpmyadmin/js/db_operations.js?ts=1587377976 HTTP/1.1" 200 1921
::1 - - [20/Apr/2020:16:05:01 +0200] "GET /phpmyadmin/db_operations.php?db=nieemer&token=68c5bfeb38986ce1b8a56e6ad6319796&db_collation=utf8_unicode_ci&ajax_request=true&submitcollation=Start HTTP/1.1" 200 95
::1 - - [20/Apr/2020:16:05:04 +0200] "GET /phpmyadmin/db_structure.php?db=nieemer&token=68c5bfeb38986ce1b8a56e6ad6319796 HTTP/1.1" 200 15417
::1 - - [20/Apr/2020:16:05:11 +0200] "GET /phpmyadmin/sql.php?db=nieemer&token=68c5bfeb38986ce1b8a56e6ad6319796&goto=db_structure.php&table=menu&pos=0 HTTP/1.1" 200 32780
::1 - - [20/Apr/2020:16:05:12 +0200] "GET /phpmyadmin/tbl_operations.php?db=nieemer&table=menu&token=68c5bfeb38986ce1b8a56e6ad6319796 HTTP/1.1" 200 39887
::1 - - [20/Apr/2020:16:05:24 +0200] "POST /phpmyadmin/tbl_operations.php HTTP/1.1" 200 41791
::1 - - [20/Apr/2020:16:05:25 +0200] "GET /phpmyadmin/navigation.php?db=nieemer&token=68c5bfeb38986ce1b8a56e6ad6319796 HTTP/1.1" 200 5127
::1 - - [20/Apr/2020:16:05:28 +0200] "GET /phpmyadmin/sql.php?db=nieemer&table=menu&token=68c5bfeb38986ce1b8a56e6ad6319796&pos=0 HTTP/1.1" 200 32754
::1 - - [20/Apr/2020:16:05:32 +0200] "POST /admin/menu.php? HTTP/1.1" 200 848
::1 - - [20/Apr/2020:16:05:33 +0200] "GET /admin/menu.php? HTTP/1.1" 200 651
::1 - - [20/Apr/2020:16:05:36 +0200] "GET /phpmyadmin/sql.php?db=nieemer&table=menu&token=68c5bfeb38986ce1b8a56e6ad6319796&pos=0 HTTP/1.1" 200 35567
::1 - - [20/Apr/2020:16:05:50 +0200] "POST /admin/menu.php? HTTP/1.1" 200 848
::1 - - [20/Apr/2020:16:05:50 +0200] "GET /admin/menu.php? HTTP/1.1" 200 651
::1 - - [20/Apr/2020:16:05:52 +0200] "GET /phpmyadmin/sql.php?db=nieemer&table=menu&token=68c5bfeb38986ce1b8a56e6ad6319796&pos=0 HTTP/1.1" 200 38386
::1 - - [20/Apr/2020:16:07:09 +0200] "GET /phpmyadmin/tbl_structure.php?db=nieemer&table=menu&token=68c5bfeb38986ce1b8a56e6ad6319796 HTTP/1.1" 200 46540
::1 - - [20/Apr/2020:16:07:12 +0200] "GET /phpmyadmin/tbl_alter.php?db=nieemer&table=menu&token=68c5bfeb38986ce1b8a56e6ad6319796&goto=tbl_structure.php&back=tbl_structure.php&field=category HTTP/1.1" 200 36015
::1 - - [20/Apr/2020:16:07:18 +0200] "POST /phpmyadmin/tbl_alter.php HTTP/1.1" 200 48498
::1 - - [20/Apr/2020:16:07:21 +0200] "GET /phpmyadmin/tbl_alter.php?db=nieemer&table=menu&token=68c5bfeb38986ce1b8a56e6ad6319796&goto=tbl_structure.php&back=tbl_structure.php&field=name HTTP/1.1" 200 35987
::1 - - [20/Apr/2020:16:07:25 +0200] "POST /phpmyadmin/tbl_alter.php HTTP/1.1" 200 48481
::1 - - [20/Apr/2020:16:07:31 +0200] "GET /phpmyadmin/tbl_alter.php?db=nieemer&table=menu&token=68c5bfeb38986ce1b8a56e6ad6319796&goto=tbl_structure.php&back=tbl_structure.php&field=category HTTP/1.1" 200 36015
::1 - - [20/Apr/2020:16:07:34 +0200] "POST /phpmyadmin/tbl_alter.php HTTP/1.1" 200 48015
::1 - - [20/Apr/2020:16:07:44 +0200] "POST /admin/menu.php? HTTP/1.1" 200 848
::1 - - [20/Apr/2020:16:07:44 +0200] "GET /admin/menu.php? HTTP/1.1" 200 651
::1 - - [20/Apr/2020:16:07:46 +0200] "GET /phpmyadmin/sql.php?db=nieemer&table=menu&token=68c5bfeb38986ce1b8a56e6ad6319796&pos=0 HTTP/1.1" 200 38159
::1 - - [20/Apr/2020:16:08:55 +0200] "GET /admin/menu.php? HTTP/1.1" 200 651
::1 - - [20/Apr/2020:16:08:59 +0200] "POST /admin/menu.php? HTTP/1.1" 200 848
::1 - - [20/Apr/2020:16:08:59 +0200] "GET /admin/menu.php? HTTP/1.1" 200 651
::1 - - [20/Apr/2020:16:09:02 +0200] "GET /phpmyadmin/sql.php?db=nieemer&table=menu&token=68c5bfeb38986ce1b8a56e6ad6319796&pos=0 HTTP/1.1" 200 40542
::1 - - [20/Apr/2020:16:09:27 +0200] "POST /admin/menu.php? HTTP/1.1" 200 848
::1 - - [20/Apr/2020:16:09:28 +0200] "GET /admin/menu.php? HTTP/1.1" 200 651
::1 - - [20/Apr/2020:16:09:29 +0200] "GET /phpmyadmin/sql.php?db=nieemer&table=menu&token=68c5bfeb38986ce1b8a56e6ad6319796&pos=0 HTTP/1.1" 200 42919
::1 - - [20/Apr/2020:16:10:37 +0200] "GET /phpmyadmin/js/cross_framing_protection.js?ts=1587377976 HTTP/1.1" 304 -
::1 - - [20/Apr/2020:16:10:37 +0200] "GET /phpmyadmin/themes/pmahomme/jquery/jquery-ui-1.8.custom.css HTTP/1.1" 304 -
::1 - - [20/Apr/2020:16:10:37 +0200] "GET /phpmyadmin/js/jquery/jquery-1.4.4.js?ts=1587377976 HTTP/1.1" 304 -
::1 - - [20/Apr/2020:16:10:37 +0200] "GET /phpmyadmin/js/update-location.js?ts=1587377976 HTTP/1.1" 304 -
::1 - - [20/Apr/2020:16:10:37 +0200] "GET /phpmyadmin/js/jquery/jquery-ui-1.8.custom.js?ts=1587377977 HTTP/1.1" 304 -
::1 - - [20/Apr/2020:16:10:37 +0200] "GET /phpmyadmin/js/pMap.js?ts=1587377976 HTTP/1.1" 304 -
::1 - - [20/Apr/2020:16:10:37 +0200] "GET /phpmyadmin/js/functions.js?ts=1587377976 HTTP/1.1" 304 -
::1 - - [20/Apr/2020:16:10:37 +0200] "GET /phpmyadmin/js/sql.js?ts=1587377976 HTTP/1.1" 304 -
::1 - - [20/Apr/2020:16:10:37 +0200] "GET /phpmyadmin/js/config.js?ts=1587377976 HTTP/1.1" 304 -
::1 - - [20/Apr/2020:16:10:37 +0200] "GET /phpmyadmin/js/jquery/jquery.qtip-1.0.0.min.js?ts=1587377976 HTTP/1.1" 304 -
::1 - - [20/Apr/2020:16:10:37 +0200] "GET /phpmyadmin/themes/pmahomme/img/s_host.png HTTP/1.1" 304 -
::1 - - [20/Apr/2020:16:10:37 +0200] "GET /phpmyadmin/themes/pmahomme/img/item_ltr.png HTTP/1.1" 304 -
::1 - - [20/Apr/2020:16:10:37 +0200] "GET /phpmyadmin/themes/pmahomme/img/s_tbl.png HTTP/1.1" 304 -
::1 - - [20/Apr/2020:16:10:37 +0200] "GET /phpmyadmin/themes/pmahomme/img/s_db.png HTTP/1.1" 304 -
::1 - - [20/Apr/2020:16:10:37 +0200] "GET /phpmyadmin/sql.php?db=nieemer&table=menu&sql_query=SELECT+%2A+FROM+%60menu%60+ORDER+BY+%60menu%60.%60price%60+ASC&session_max_rows=30&token=68c5bfeb38986ce1b8a56e6ad6319796 HTTP/1.1" 200 48093
::1 - - [20/Apr/2020:16:10:37 +0200] "GET /phpmyadmin/themes/pmahomme/img/b_browse.png HTTP/1.1" 304 -
::1 - - [20/Apr/2020:16:10:37 +0200] "GET /phpmyadmin/themes/pmahomme/img/b_props.png HTTP/1.1" 304 -
::1 - - [20/Apr/2020:16:10:37 +0200] "GET /phpmyadmin/themes/pmahomme/img/b_sql.png HTTP/1.1" 304 -
::1 - - [20/Apr/2020:16:10:37 +0200] "GET /phpmyadmin/themes/pmahomme/img/b_insrow.png HTTP/1.1" 304 -
::1 - - [20/Apr/2020:16:10:37 +0200] "GET /phpmyadmin/themes/pmahomme/img/b_search.png HTTP/1.1" 304 -
::1 - - [20/Apr/2020:16:10:37 +0200] "GET /phpmyadmin/themes/pmahomme/img/b_tblexport.png HTTP/1.1" 304 -
::1 - - [20/Apr/2020:16:10:37 +0200] "GET /phpmyadmin/themes/pmahomme/img/b_tblimport.png HTTP/1.1" 304 -
::1 - - [20/Apr/2020:16:10:37 +0200] "GET /phpmyadmin/themes/pmahomme/img/b_tblops.png HTTP/1.1" 304 -
::1 - - [20/Apr/2020:16:10:37 +0200] "GET /phpmyadmin/themes/pmahomme/img/b_help.png HTTP/1.1" 304 -
::1 - - [20/Apr/2020:16:10:37 +0200] "GET /phpmyadmin/themes/pmahomme/img/s_fulltext.png HTTP/1.1" 304 -
::1 - - [20/Apr/2020:16:10:37 +0200] "GET /phpmyadmin/themes/pmahomme/img/b_edit.png HTTP/1.1" 304 -
::1 - - [20/Apr/2020:16:10:37 +0200] "GET /phpmyadmin/themes/pmahomme/img/b_drop.png HTTP/1.1" 304 -
::1 - - [20/Apr/2020:16:10:37 +0200] "GET /phpmyadmin/print.css HTTP/1.1" 304 -
::1 - - [20/Apr/2020:16:10:37 +0200] "GET /phpmyadmin/themes/pmahomme/img/arrow_ltr.png HTTP/1.1" 304 -
::1 - - [20/Apr/2020:16:10:37 +0200] "GET /phpmyadmin/themes/pmahomme/img/b_print.png HTTP/1.1" 304 -
::1 - - [20/Apr/2020:16:10:37 +0200] "GET /phpmyadmin/themes/pmahomme/img/b_chart.png HTTP/1.1" 304 -
::1 - - [20/Apr/2020:16:10:37 +0200] "GET /phpmyadmin/themes/pmahomme/img/b_views.png HTTP/1.1" 304 -
::1 - - [20/Apr/2020:16:10:37 +0200] "GET /phpmyadmin/themes/pmahomme/img/b_more.png HTTP/1.1" 304 -
::1 - - [20/Apr/2020:16:10:37 +0200] "GET /phpmyadmin/themes/pmahomme/img/b_inline_edit.png HTTP/1.1" 304 -
::1 - - [20/Apr/2020:16:10:39 +0200] "GET /phpmyadmin/sql.php?db=nieemer&table=menu&sql_query=SELECT+%2A+FROM+%60menu%60+ORDER+BY+%60menu%60.%60price%60++DESC&session_max_rows=30&token=68c5bfeb38986ce1b8a56e6ad6319796 HTTP/1.1" 200 48276
::1 - - [20/Apr/2020:16:10:40 +0200] "GET /phpmyadmin/sql.php?db=nieemer&table=menu&sql_query=SELECT+%2A+FROM+%60menu%60+ORDER+BY+%60menu%60.%60id%60+ASC&session_max_rows=30&token=68c5bfeb38986ce1b8a56e6ad6319796 HTTP/1.1" 200 47898
::1 - - [20/Apr/2020:16:10:42 +0200] "GET /phpmyadmin/tbl_structure.php?db=nieemer&table=menu&token=68c5bfeb38986ce1b8a56e6ad6319796 HTTP/1.1" 200 46587
::1 - - [20/Apr/2020:16:10:43 +0200] "GET /phpmyadmin/themes/pmahomme/img/window-new.png HTTP/1.1" 304 -
::1 - - [20/Apr/2020:16:10:46 +0200] "GET /phpmyadmin/tbl_alter.php?db=nieemer&table=menu&token=68c5bfeb38986ce1b8a56e6ad6319796&goto=tbl_structure.php&back=tbl_structure.php&field=price HTTP/1.1" 200 35965
::1 - - [20/Apr/2020:16:11:01 +0200] "POST /phpmyadmin/tbl_alter.php HTTP/1.1" 200 48341
::1 - - [20/Apr/2020:16:11:04 +0200] "POST /admin/menu.php? HTTP/1.1" 200 848
::1 - - [20/Apr/2020:16:11:05 +0200] "GET /admin/menu.php? HTTP/1.1" 200 651
::1 - - [20/Apr/2020:16:11:08 +0200] "GET /phpmyadmin/sql.php?db=nieemer&table=menu&token=68c5bfeb38986ce1b8a56e6ad6319796&pos=0 HTTP/1.1" 200 45316
::1 - - [20/Apr/2020:16:11:25 +0200] "POST /admin/menu.php? HTTP/1.1" 200 848
::1 - - [20/Apr/2020:16:11:25 +0200] "GET /admin/menu.php? HTTP/1.1" 200 651
::1 - - [20/Apr/2020:16:11:36 +0200] "GET /phpmyadmin/sql.php?db=nieemer&table=menu&token=68c5bfeb38986ce1b8a56e6ad6319796&pos=0 HTTP/1.1" 200 47707
::1 - - [20/Apr/2020:16:13:40 +0200] "POST /admin/menu.php? HTTP/1.1" 200 848
::1 - - [20/Apr/2020:16:13:40 +0200] "GET /admin/menu.php? HTTP/1.1" 200 651
::1 - - [20/Apr/2020:16:13:44 +0200] "GET /phpmyadmin/index.php?db=nieemer&token=68c5bfeb38986ce1b8a56e6ad6319796 HTTP/1.1" 200 2654
::1 - - [20/Apr/2020:16:13:44 +0200] "GET /phpmyadmin/js/common.js?ts=1587377976 HTTP/1.1" 304 -
::1 - - [20/Apr/2020:16:13:44 +0200] "GET /phpmyadmin/navigation.php?token=68c5bfeb38986ce1b8a56e6ad6319796&db=nieemer HTTP/1.1" 200 5129
::1 - - [20/Apr/2020:16:13:44 +0200] "GET /phpmyadmin/js/navigation.js HTTP/1.1" 304 -
::1 - - [20/Apr/2020:16:13:44 +0200] "GET /phpmyadmin/js/jquery/jquery-1.4.4.js HTTP/1.1" 304 -
::1 - - [20/Apr/2020:16:13:44 +0200] "GET /phpmyadmin/js/functions.js HTTP/1.1" 304 -
::1 - - [20/Apr/2020:16:13:44 +0200] "GET /phpmyadmin/themes/pmahomme/img/logo_left.png HTTP/1.1" 304 -
::1 - - [20/Apr/2020:16:13:44 +0200] "GET /phpmyadmin/themes/pmahomme/img/b_home.png HTTP/1.1" 304 -
::1 - - [20/Apr/2020:16:13:44 +0200] "GET /phpmyadmin/themes/pmahomme/img/b_selboard.png HTTP/1.1" 304 -
::1 - - [20/Apr/2020:16:13:44 +0200] "GET /phpmyadmin/themes/pmahomme/img/s_loggoff.png HTTP/1.1" 304 -
::1 - - [20/Apr/2020:16:13:44 +0200] "GET /phpmyadmin/themes/pmahomme/img/b_sqlhelp.png HTTP/1.1" 304 -
::1 - - [20/Apr/2020:16:13:44 +0200] "GET /phpmyadmin/themes/pmahomme/img/b_docs.png HTTP/1.1" 304 -
::1 - - [20/Apr/2020:16:13:44 +0200] "GET /phpmyadmin/themes/pmahomme/img/s_reload.png HTTP/1.1" 304 -
::1 - - [20/Apr/2020:16:13:44 +0200] "GET /phpmyadmin/themes/pmahomme/img/b_sbrowse.png HTTP/1.1" 304 -
::1 - - [20/Apr/2020:16:13:44 +0200] "GET /phpmyadmin/themes/pmahomme/img/b_snewtbl.png HTTP/1.1" 304 -
::1 - - [20/Apr/2020:16:13:44 +0200] "GET /phpmyadmin/db_structure.php?token=68c5bfeb38986ce1b8a56e6ad6319796&db=nieemer HTTP/1.1" 200 15442
::1 - - [20/Apr/2020:16:13:45 +0200] "GET /phpmyadmin/favicon.ico HTTP/1.1" 200 18902
::1 - - [20/Apr/2020:16:13:47 +0200] "GET /phpmyadmin/db_structure.php?db=nieemer&server=1&token=68c5bfeb38986ce1b8a56e6ad6319796 HTTP/1.1" 200 15455
::1 - - [20/Apr/2020:16:13:48 +0200] "GET /phpmyadmin/sql.php?db=nieemer&token=68c5bfeb38986ce1b8a56e6ad6319796&table=menu&pos=0 HTTP/1.1" 200 50103
::1 - - [20/Apr/2020:16:13:56 +0200] "POST /phpmyadmin/tbl_row_action.php HTTP/1.1" 200 9516
::1 - - [20/Apr/2020:16:13:58 +0200] "POST /phpmyadmin/tbl_row_action.php HTTP/1.1" 302 -
::1 - - [20/Apr/2020:16:13:59 +0200] "GET /phpmyadmin/tbl_structure.php?db=nieemer&table=menu&token=68c5bfeb38986ce1b8a56e6ad6319796&sql_query=SELECT+%2A+FROM+%60menu%60&message=MySQL+gaf+een+lege+resultaat+set+terug+%280+rijen%29.+%28+Query+duurde+0.0002+sec+%29 HTTP/1.1" 200 49057
::1 - - [20/Apr/2020:16:14:05 +0200] "GET /phpmyadmin/tbl_operations.php?db=nieemer&table=menu&token=68c5bfeb38986ce1b8a56e6ad6319796 HTTP/1.1" 200 39888
::1 - - [20/Apr/2020:16:14:10 +0200] "GET /phpmyadmin/sql.php?db=nieemer&table=menu&goto=tbl_structure.php&back=tbl_operations.php&sql_query=TRUNCATE+TABLE+%60menu%60&reload=1&message_to_show=Tabel+menu+is+leeg+gemaakt&token=68c5bfeb38986ce1b8a56e6ad6319796&is_js_confirmed=1 HTTP/1.1" 200 48242
::1 - - [20/Apr/2020:16:14:10 +0200] "GET /phpmyadmin/themes/pmahomme/img/error.ico HTTP/1.1" 304 -
::1 - - [20/Apr/2020:16:14:10 +0200] "GET /phpmyadmin/navigation.php?db=nieemer&token=68c5bfeb38986ce1b8a56e6ad6319796 HTTP/1.1" 200 5127
::1 - - [20/Apr/2020:16:19:54 +0200] "GET /bediener/index.php HTTP/1.1" 200 1728
::1 - - [20/Apr/2020:16:19:54 +0200] "GET /bediener/default.css HTTP/1.1" 404 218
::1 - - [20/Apr/2020:16:20:13 +0200] "GET /bediener/index.php HTTP/1.1" 200 1735
::1 - - [20/Apr/2020:16:20:13 +0200] "GET /css/default.css HTTP/1.1" 200 402
::1 - - [20/Apr/2020:16:25:13 +0200] "-" 408 -
::1 - - [20/Apr/2020:16:41:54 +0200] "GET /bediener/index.php HTTP/1.1" 200 337
::1 - - [20/Apr/2020:16:41:55 +0200] "GET /css/default.css HTTP/1.1" 304 -
::1 - - [20/Apr/2020:16:42:50 +0200] "GET /bediener/index.php HTTP/1.1" 200 358
::1 - - [20/Apr/2020:16:43:18 +0200] "GET /bediener/index.php HTTP/1.1" 200 915
::1 - - [20/Apr/2020:16:43:47 +0200] "GET /admin/menu.php HTTP/1.1" 200 652
::1 - - [20/Apr/2020:16:43:51 +0200] "POST /admin/menu.php HTTP/1.1" 200 845
::1 - - [20/Apr/2020:16:43:51 +0200] "GET /admin/menu.php HTTP/1.1" 200 652
::1 - - [20/Apr/2020:16:43:53 +0200] "GET /bediener/index.php HTTP/1.1" 200 915
::1 - - [20/Apr/2020:16:43:56 +0200] "GET /bediener/index.php HTTP/1.1" 200 915
::1 - - [20/Apr/2020:16:43:56 +0200] "GET /css/default.css HTTP/1.1" 200 402
::1 - - [20/Apr/2020:16:43:56 +0200] "GET /favicon.ico HTTP/1.1" 404 209
::1 - - [20/Apr/2020:16:43:58 +0200] "GET /phpmyadmin/sql.php?db=nieemer&table=menu&token=68c5bfeb38986ce1b8a56e6ad6319796&pos=0 HTTP/1.1" 200 7720
::1 - - [20/Apr/2020:16:43:58 +0200] "GET /phpmyadmin/themes/pmahomme/jquery/jquery-ui-1.8.custom.css HTTP/1.1" 304 -
::1 - - [20/Apr/2020:16:43:58 +0200] "GET /phpmyadmin/js/cross_framing_protection.js?ts=1587377976 HTTP/1.1" 304 -
::1 - - [20/Apr/2020:16:43:58 +0200] "GET /phpmyadmin/js/jquery/jquery-1.4.4.js?ts=1587377976 HTTP/1.1" 304 -
::1 - - [20/Apr/2020:16:43:58 +0200] "GET /phpmyadmin/js/update-location.js?ts=1587377976 HTTP/1.1" 304 -
::1 - - [20/Apr/2020:16:43:58 +0200] "GET /phpmyadmin/js/functions.js?ts=1587377976 HTTP/1.1" 304 -
::1 - - [20/Apr/2020:16:43:58 +0200] "GET /phpmyadmin/js/jquery/jquery.qtip-1.0.0.min.js?ts=1587377976 HTTP/1.1" 304 -
::1 - - [20/Apr/2020:16:43:58 +0200] "GET /phpmyadmin/themes/pmahomme/img/logo_right.png HTTP/1.1" 304 -
::1 - - [20/Apr/2020:16:43:58 +0200] "GET /phpmyadmin/themes/pmahomme/img/b_help.png HTTP/1.1" 304 -
::1 - - [20/Apr/2020:16:43:58 +0200] "GET /phpmyadmin/print.css HTTP/1.1" 304 -
::1 - - [20/Apr/2020:16:43:58 +0200] "GET /phpmyadmin/themes/pmahomme/img/s_error.png HTTP/1.1" 304 -
::1 - - [20/Apr/2020:16:43:58 +0200] "GET /phpmyadmin/themes/pmahomme/img/input_bg.gif HTTP/1.1" 304 -
::1 - - [20/Apr/2020:16:43:58 +0200] "GET /phpmyadmin/sql.php?db=nieemer&table=menu&token=68c5bfeb38986ce1b8a56e6ad6319796&pos=0 HTTP/1.1" 200 7720
::1 - - [20/Apr/2020:16:44:01 +0200] "POST /phpmyadmin/index.php HTTP/1.1" 302 -
::1 - - [20/Apr/2020:16:44:01 +0200] "GET /phpmyadmin/index.php?db=nieemer&table=menu&target=sql.php&token=68c5bfeb38986ce1b8a56e6ad6319796 HTTP/1.1" 200 2717
::1 - - [20/Apr/2020:16:44:01 +0200] "GET /phpmyadmin/js/common.js?ts=1587377976 HTTP/1.1" 304 -
::1 - - [20/Apr/2020:16:44:01 +0200] "GET /phpmyadmin/navigation.php?target=sql.php&token=68c5bfeb38986ce1b8a56e6ad6319796&db=nieemer&table=menu HTTP/1.1" 200 5142
::1 - - [20/Apr/2020:16:44:02 +0200] "GET /phpmyadmin/js/navigation.js HTTP/1.1" 304 -
::1 - - [20/Apr/2020:16:44:02 +0200] "GET /phpmyadmin/js/functions.js HTTP/1.1" 304 -
::1 - - [20/Apr/2020:16:44:02 +0200] "GET /phpmyadmin/themes/pmahomme/img/b_home.png HTTP/1.1" 304 -
::1 - - [20/Apr/2020:16:44:02 +0200] "GET /phpmyadmin/js/jquery/jquery-1.4.4.js HTTP/1.1" 304 -
::1 - - [20/Apr/2020:16:44:02 +0200] "GET /phpmyadmin/themes/pmahomme/img/logo_left.png HTTP/1.1" 304 -
::1 - - [20/Apr/2020:16:44:02 +0200] "GET /phpmyadmin/themes/pmahomme/img/s_loggoff.png HTTP/1.1" 304 -
::1 - - [20/Apr/2020:16:44:02 +0200] "GET /phpmyadmin/themes/pmahomme/img/b_selboard.png HTTP/1.1" 304 -
::1 - - [20/Apr/2020:16:44:02 +0200] "GET /phpmyadmin/themes/pmahomme/img/s_reload.png HTTP/1.1" 304 -
::1 - - [20/Apr/2020:16:44:02 +0200] "GET /phpmyadmin/themes/pmahomme/img/b_docs.png HTTP/1.1" 304 -
::1 - - [20/Apr/2020:16:44:02 +0200] "GET /phpmyadmin/themes/pmahomme/img/b_snewtbl.png HTTP/1.1" 304 -
::1 - - [20/Apr/2020:16:44:02 +0200] "GET /phpmyadmin/themes/pmahomme/img/b_sqlhelp.png HTTP/1.1" 304 -
::1 - - [20/Apr/2020:16:44:02 +0200] "GET /phpmyadmin/themes/pmahomme/img/b_sbrowse.png HTTP/1.1" 304 -
::1 - - [20/Apr/2020:16:44:02 +0200] "GET /phpmyadmin/themes/pmahomme/img/left_nav_bg.png HTTP/1.1" 304 -
::1 - - [20/Apr/2020:16:44:02 +0200] "GET /phpmyadmin/js/jquery/jquery-ui-1.8.custom.js?ts=1587377977 HTTP/1.1" 304 -
::1 - - [20/Apr/2020:16:44:02 +0200] "GET /phpmyadmin/js/pMap.js?ts=1587377976 HTTP/1.1" 304 -
::1 - - [20/Apr/2020:16:44:02 +0200] "GET /phpmyadmin/js/sql.js?ts=1587377976 HTTP/1.1" 304 -
::1 - - [20/Apr/2020:16:44:02 +0200] "GET /phpmyadmin/js/config.js?ts=1587377976 HTTP/1.1" 304 -
::1 - - [20/Apr/2020:16:44:02 +0200] "GET /phpmyadmin/themes/pmahomme/img/s_host.png HTTP/1.1" 304 -
::1 - - [20/Apr/2020:16:44:02 +0200] "GET /phpmyadmin/themes/pmahomme/img/item_ltr.png HTTP/1.1" 304 -
::1 - - [20/Apr/2020:16:44:01 +0200] "GET /phpmyadmin/sql.php?target=sql.php&token=68c5bfeb38986ce1b8a56e6ad6319796&db=nieemer&table=menu HTTP/1.1" 200 22038
::1 - - [20/Apr/2020:16:44:02 +0200] "GET /phpmyadmin/themes/pmahomme/img/s_db.png HTTP/1.1" 304 -
::1 - - [20/Apr/2020:16:44:02 +0200] "GET /phpmyadmin/themes/pmahomme/img/s_tbl.png HTTP/1.1" 304 -
::1 - - [20/Apr/2020:16:44:02 +0200] "GET /phpmyadmin/themes/pmahomme/img/b_browse.png HTTP/1.1" 304 -
::1 - - [20/Apr/2020:16:44:02 +0200] "GET /phpmyadmin/themes/pmahomme/img/b_props.png HTTP/1.1" 304 -
::1 - - [20/Apr/2020:16:44:02 +0200] "GET /phpmyadmin/themes/pmahomme/img/b_search.png HTTP/1.1" 304 -
::1 - - [20/Apr/2020:16:44:02 +0200] "GET /phpmyadmin/themes/pmahomme/img/b_insrow.png HTTP/1.1" 304 -
::1 - - [20/Apr/2020:16:44:02 +0200] "GET /phpmyadmin/themes/pmahomme/img/b_tblexport.png HTTP/1.1" 304 -
::1 - - [20/Apr/2020:16:44:02 +0200] "GET /phpmyadmin/themes/pmahomme/img/b_sql.png HTTP/1.1" 304 -
::1 - - [20/Apr/2020:16:44:02 +0200] "GET /phpmyadmin/themes/pmahomme/img/b_tblimport.png HTTP/1.1" 304 -
::1 - - [20/Apr/2020:16:44:02 +0200] "GET /phpmyadmin/themes/pmahomme/img/b_tblops.png HTTP/1.1" 304 -
::1 - - [20/Apr/2020:16:44:02 +0200] "GET /phpmyadmin/themes/pmahomme/img/s_fulltext.png HTTP/1.1" 304 -
::1 - - [20/Apr/2020:16:44:02 +0200] "GET /phpmyadmin/themes/pmahomme/img/b_drop.png HTTP/1.1" 304 -
::1 - - [20/Apr/2020:16:44:02 +0200] "GET /phpmyadmin/themes/pmahomme/img/b_edit.png HTTP/1.1" 304 -
::1 - - [20/Apr/2020:16:44:02 +0200] "GET /phpmyadmin/themes/pmahomme/img/arrow_ltr.png HTTP/1.1" 304 -
::1 - - [20/Apr/2020:16:44:02 +0200] "GET /phpmyadmin/themes/pmahomme/img/b_print.png HTTP/1.1" 304 -
::1 - - [20/Apr/2020:16:44:02 +0200] "GET /phpmyadmin/themes/pmahomme/img/s_notice.png HTTP/1.1" 304 -
::1 - - [20/Apr/2020:16:44:02 +0200] "GET /phpmyadmin/themes/pmahomme/img/tab_bg.png HTTP/1.1" 304 -
::1 - - [20/Apr/2020:16:44:02 +0200] "GET /phpmyadmin/themes/pmahomme/img/b_views.png HTTP/1.1" 304 -
::1 - - [20/Apr/2020:16:44:02 +0200] "GET /phpmyadmin/themes/pmahomme/img/window-new.png HTTP/1.1" 304 -
::1 - - [20/Apr/2020:16:44:02 +0200] "GET /phpmyadmin/themes/pmahomme/img/b_chart.png HTTP/1.1" 304 -
::1 - - [20/Apr/2020:16:44:02 +0200] "GET /phpmyadmin/themes/pmahomme/img/s_success.png HTTP/1.1" 304 -
::1 - - [20/Apr/2020:16:44:02 +0200] "GET /phpmyadmin/themes/pmahomme/img/b_more.png HTTP/1.1" 304 -
::1 - - [20/Apr/2020:16:44:02 +0200] "GET /phpmyadmin/themes/pmahomme/img/b_inline_edit.png HTTP/1.1" 304 -
::1 - - [20/Apr/2020:16:46:35 +0200] "GET /admin/menu.php HTTP/1.1" 200 652
::1 - - [20/Apr/2020:16:46:39 +0200] "POST /admin/menu.php HTTP/1.1" 200 845
::1 - - [20/Apr/2020:16:46:39 +0200] "GET /admin/menu.php HTTP/1.1" 200 652
::1 - - [20/Apr/2020:16:46:40 +0200] "GET /phpmyadmin/themes/pmahomme/img/marked_bg.png HTTP/1.1" 304 -
::1 - - [20/Apr/2020:16:46:42 +0200] "GET /phpmyadmin/index.php?db=nieemer&table=menu&target=sql.php&token=68c5bfeb38986ce1b8a56e6ad6319796 HTTP/1.1" 200 2717
::1 - - [20/Apr/2020:16:46:42 +0200] "GET /phpmyadmin/navigation.php?target=sql.php&token=68c5bfeb38986ce1b8a56e6ad6319796&db=nieemer&table=menu HTTP/1.1" 200 5142
::1 - - [20/Apr/2020:16:46:42 +0200] "GET /phpmyadmin/sql.php?target=sql.php&token=68c5bfeb38986ce1b8a56e6ad6319796&db=nieemer&table=menu HTTP/1.1" 200 26265
::1 - - [20/Apr/2020:16:46:42 +0200] "GET /phpmyadmin/favicon.ico HTTP/1.1" 200 18902
::1 - - [20/Apr/2020:16:46:44 +0200] "GET /phpmyadmin/themes/pmahomme/img/tab_hover_bg.png HTTP/1.1" 304 -
::1 - - [20/Apr/2020:16:46:46 +0200] "GET /bediener/index.php HTTP/1.1" 200 915
::1 - - [20/Apr/2020:16:46:46 +0200] "GET /css/default.css HTTP/1.1" 304 -
::1 - - [20/Apr/2020:17:00:38 +0200] "GET /bediener/index.php HTTP/1.1" 200 337
::1 - - [20/Apr/2020:17:00:38 +0200] "GET /css/default.css HTTP/1.1" 304 -
::1 - - [20/Apr/2020:17:01:48 +0200] "GET /bediener/index.php HTTP/1.1" 200 915
::1 - - [20/Apr/2020:17:02:42 +0200] "GET /bediener/index.php HTTP/1.1" 200 917
::1 - - [20/Apr/2020:17:02:43 +0200] "GET /bediener/index.php HTTP/1.1" 200 917
::1 - - [20/Apr/2020:17:02:44 +0200] "GET /bediener/index.php HTTP/1.1" 200 917
::1 - - [20/Apr/2020:17:02:44 +0200] "GET /css/default.css HTTP/1.1" 200 402
::1 - - [20/Apr/2020:17:02:44 +0200] "GET /favicon.ico HTTP/1.1" 404 209
::1 - - [20/Apr/2020:17:02:54 +0200] "GET /bediener/index.php HTTP/1.1" 200 337
::1 - - [20/Apr/2020:17:03:06 +0200] "GET /bediener/index.php HTTP/1.1" 200 917
::1 - - [20/Apr/2020:17:03:06 +0200] "GET /css/default.css HTTP/1.1" 200 402
::1 - - [20/Apr/2020:17:03:06 +0200] "GET /favicon.ico HTTP/1.1" 404 209
::1 - - [20/Apr/2020:17:05:06 +0200] "GET /bediener/index.php HTTP/1.1" 200 1924
::1 - - [20/Apr/2020:17:05:20 +0200] "GET /bediener/index.php HTTP/1.1" 200 1922
::1 - - [20/Apr/2020:17:09:14 +0200] "GET /bediener/index.php HTTP/1.1" 200 1868
::1 - - [20/Apr/2020:17:09:14 +0200] "GET /css/default.css HTTP/1.1" 304 -
::1 - - [20/Apr/2020:17:14:14 +0200] "-" 408 -
::1 - - [20/Apr/2020:17:33:46 +0200] "GET /phpmyadmin/tbl_structure.php?db=nieemer&table=menu&token=68c5bfeb38986ce1b8a56e6ad6319796 HTTP/1.1" 200 7730
::1 - - [20/Apr/2020:17:33:46 +0200] "GET /phpmyadmin/themes/pmahomme/jquery/jquery-ui-1.8.custom.css HTTP/1.1" 304 -
::1 - - [20/Apr/2020:17:33:46 +0200] "GET /phpmyadmin/js/cross_framing_protection.js?ts=1587377976 HTTP/1.1" 304 -
::1 - - [20/Apr/2020:17:33:46 +0200] "GET /phpmyadmin/js/jquery/jquery-1.4.4.js?ts=1587377976 HTTP/1.1" 304 -
::1 - - [20/Apr/2020:17:33:46 +0200] "GET /phpmyadmin/js/functions.js?ts=1587377976 HTTP/1.1" 304 -
::1 - - [20/Apr/2020:17:33:46 +0200] "GET /phpmyadmin/js/update-location.js?ts=1587377976 HTTP/1.1" 304 -
::1 - - [20/Apr/2020:17:33:46 +0200] "GET /phpmyadmin/js/jquery/jquery.qtip-1.0.0.min.js?ts=1587377976 HTTP/1.1" 304 -
::1 - - [20/Apr/2020:17:33:46 +0200] "GET /phpmyadmin/themes/pmahomme/img/logo_right.png HTTP/1.1" 304 -
::1 - - [20/Apr/2020:17:33:46 +0200] "GET /phpmyadmin/themes/pmahomme/img/b_help.png HTTP/1.1" 304 -
::1 - - [20/Apr/2020:17:33:46 +0200] "GET /phpmyadmin/print.css HTTP/1.1" 304 -
::1 - - [20/Apr/2020:17:33:46 +0200] "GET /phpmyadmin/themes/pmahomme/img/s_error.png HTTP/1.1" 304 -
::1 - - [20/Apr/2020:17:33:46 +0200] "GET /phpmyadmin/themes/pmahomme/img/input_bg.gif HTTP/1.1" 304 -
::1 - - [20/Apr/2020:17:33:46 +0200] "GET /phpmyadmin/tbl_structure.php?db=nieemer&table=menu&token=68c5bfeb38986ce1b8a56e6ad6319796 HTTP/1.1" 200 7730
::1 - - [20/Apr/2020:17:33:50 +0200] "POST /phpmyadmin/index.php HTTP/1.1" 302 -
::1 - - [20/Apr/2020:17:33:50 +0200] "GET /phpmyadmin/index.php?db=nieemer&table=menu&target=tbl_structure.php&token=68c5bfeb38986ce1b8a56e6ad6319796 HTTP/1.1" 200 2747
::1 - - [20/Apr/2020:17:33:50 +0200] "GET /phpmyadmin/js/common.js?ts=1587377976 HTTP/1.1" 304 -
::1 - - [20/Apr/2020:17:33:50 +0200] "GET /phpmyadmin/navigation.php?target=tbl_structure.php&token=68c5bfeb38986ce1b8a56e6ad6319796&db=nieemer&table=menu HTTP/1.1" 200 5142
::1 - - [20/Apr/2020:17:33:50 +0200] "GET /phpmyadmin/js/jquery/jquery-1.4.4.js HTTP/1.1" 304 -
::1 - - [20/Apr/2020:17:33:50 +0200] "GET /phpmyadmin/js/navigation.js HTTP/1.1" 304 -
::1 - - [20/Apr/2020:17:33:50 +0200] "GET /phpmyadmin/js/functions.js HTTP/1.1" 304 -
::1 - - [20/Apr/2020:17:33:50 +0200] "GET /phpmyadmin/themes/pmahomme/img/logo_left.png HTTP/1.1" 304 -
::1 - - [20/Apr/2020:17:33:50 +0200] "GET /phpmyadmin/themes/pmahomme/img/b_home.png HTTP/1.1" 304 -
::1 - - [20/Apr/2020:17:33:50 +0200] "GET /phpmyadmin/themes/pmahomme/img/b_selboard.png HTTP/1.1" 304 -
::1 - - [20/Apr/2020:17:33:50 +0200] "GET /phpmyadmin/themes/pmahomme/img/s_loggoff.png HTTP/1.1" 304 -
::1 - - [20/Apr/2020:17:33:50 +0200] "GET /phpmyadmin/themes/pmahomme/img/b_docs.png HTTP/1.1" 304 -
::1 - - [20/Apr/2020:17:33:50 +0200] "GET /phpmyadmin/themes/pmahomme/img/b_sqlhelp.png HTTP/1.1" 304 -
::1 - - [20/Apr/2020:17:33:50 +0200] "GET /phpmyadmin/themes/pmahomme/img/s_reload.png HTTP/1.1" 304 -
::1 - - [20/Apr/2020:17:33:50 +0200] "GET /phpmyadmin/themes/pmahomme/img/b_sbrowse.png HTTP/1.1" 304 -
::1 - - [20/Apr/2020:17:33:50 +0200] "GET /phpmyadmin/themes/pmahomme/img/b_snewtbl.png HTTP/1.1" 304 -
::1 - - [20/Apr/2020:17:33:50 +0200] "GET /phpmyadmin/themes/pmahomme/img/left_nav_bg.png HTTP/1.1" 304 -
::1 - - [20/Apr/2020:17:33:50 +0200] "GET /phpmyadmin/js/jquery/jquery-ui-1.8.custom.js?ts=1587377977 HTTP/1.1" 304 -
::1 - - [20/Apr/2020:17:33:50 +0200] "GET /phpmyadmin/js/config.js?ts=1587377976 HTTP/1.1" 304 -
::1 - - [20/Apr/2020:17:33:50 +0200] "GET /phpmyadmin/themes/pmahomme/img/s_host.png HTTP/1.1" 304 -
::1 - - [20/Apr/2020:17:33:50 +0200] "GET /phpmyadmin/js/tbl_structure.js?ts=1587377976 HTTP/1.1" 304 -
::1 - - [20/Apr/2020:17:33:50 +0200] "GET /phpmyadmin/themes/pmahomme/img/item_ltr.png HTTP/1.1" 304 -
::1 - - [20/Apr/2020:17:33:50 +0200] "GET /phpmyadmin/tbl_structure.php?target=tbl_structure.php&token=68c5bfeb38986ce1b8a56e6ad6319796&db=nieemer&table=menu HTTP/1.1" 200 46615
::1 - - [20/Apr/2020:17:33:50 +0200] "GET /phpmyadmin/themes/pmahomme/img/s_tbl.png HTTP/1.1" 304 -
::1 - - [20/Apr/2020:17:33:50 +0200] "GET /phpmyadmin/themes/pmahomme/img/s_db.png HTTP/1.1" 304 -
::1 - - [20/Apr/2020:17:33:50 +0200] "GET /phpmyadmin/themes/pmahomme/img/b_browse.png HTTP/1.1" 304 -
::1 - - [20/Apr/2020:17:33:50 +0200] "GET /phpmyadmin/themes/pmahomme/img/b_props.png HTTP/1.1" 304 -
::1 - - [20/Apr/2020:17:33:50 +0200] "GET /phpmyadmin/themes/pmahomme/img/b_tblexport.png HTTP/1.1" 304 -
::1 - - [20/Apr/2020:17:33:50 +0200] "GET /phpmyadmin/themes/pmahomme/img/b_sql.png HTTP/1.1" 304 -
::1 - - [20/Apr/2020:17:33:50 +0200] "GET /phpmyadmin/themes/pmahomme/img/b_insrow.png HTTP/1.1" 304 -
::1 - - [20/Apr/2020:17:33:50 +0200] "GET /phpmyadmin/themes/pmahomme/img/b_search.png HTTP/1.1" 304 -
::1 - - [20/Apr/2020:17:33:50 +0200] "GET /phpmyadmin/themes/pmahomme/img/b_tblops.png HTTP/1.1" 304 -
::1 - - [20/Apr/2020:17:33:50 +0200] "GET /phpmyadmin/themes/pmahomme/img/b_edit.png HTTP/1.1" 304 -
::1 - - [20/Apr/2020:17:33:50 +0200] "GET /phpmyadmin/themes/pmahomme/img/b_drop.png HTTP/1.1" 304 -
::1 - - [20/Apr/2020:17:33:50 +0200] "GET /phpmyadmin/themes/pmahomme/img/bd_primary.png HTTP/1.1" 304 -
::1 - - [20/Apr/2020:17:33:50 +0200] "GET /phpmyadmin/themes/pmahomme/img/b_unique.png HTTP/1.1" 304 -
::1 - - [20/Apr/2020:17:33:50 +0200] "GET /phpmyadmin/themes/pmahomme/img/b_tblimport.png HTTP/1.1" 304 -
::1 - - [20/Apr/2020:17:33:50 +0200] "GET /phpmyadmin/themes/pmahomme/img/bd_ftext.png HTTP/1.1" 304 -
::1 - - [20/Apr/2020:17:33:50 +0200] "GET /phpmyadmin/themes/pmahomme/img/more.png HTTP/1.1" 304 -
::1 - - [20/Apr/2020:17:33:50 +0200] "GET /phpmyadmin/themes/pmahomme/img/bd_unique.png HTTP/1.1" 304 -
::1 - - [20/Apr/2020:17:33:50 +0200] "GET /phpmyadmin/themes/pmahomme/img/b_index.png HTTP/1.1" 304 -
::1 - - [20/Apr/2020:17:33:50 +0200] "GET /phpmyadmin/themes/pmahomme/img/bd_index.png HTTP/1.1" 304 -
::1 - - [20/Apr/2020:17:33:50 +0200] "GET /phpmyadmin/themes/pmahomme/img/b_primary.png HTTP/1.1" 304 -
::1 - - [20/Apr/2020:17:33:50 +0200] "GET /phpmyadmin/themes/pmahomme/img/arrow_ltr.png HTTP/1.1" 304 -
::1 - - [20/Apr/2020:17:33:50 +0200] "GET /phpmyadmin/themes/pmahomme/img/b_print.png HTTP/1.1" 304 -
::1 - - [20/Apr/2020:17:33:50 +0200] "GET /phpmyadmin/themes/pmahomme/img/b_relations.png HTTP/1.1" 304 -
::1 - - [20/Apr/2020:17:33:50 +0200] "GET /phpmyadmin/themes/pmahomme/img/b_tblanalyse.png HTTP/1.1" 304 -
::1 - - [20/Apr/2020:17:33:50 +0200] "GET /phpmyadmin/themes/pmahomme/img/s_notice.png HTTP/1.1" 304 -
::1 - - [20/Apr/2020:17:33:50 +0200] "GET /phpmyadmin/themes/pmahomme/img/tab_bg.png HTTP/1.1" 304 -
::1 - - [20/Apr/2020:17:33:50 +0200] "GET /phpmyadmin/themes/pmahomme/img/window-new.png HTTP/1.1" 304 -
::1 - - [20/Apr/2020:17:33:50 +0200] "GET /phpmyadmin/themes/pmahomme/img/b_more.png HTTP/1.1" 304 -
::1 - - [20/Apr/2020:17:33:51 +0200] "GET /phpmyadmin/themes/pmahomme/img/marked_bg.png HTTP/1.1" 304 -
