[Mon Apr 20 12:20:22 2020] [notice] Apache/2.2.21 (Win32) PHP/5.3.9 configured -- resuming normal operations
[Mon Apr 20 12:20:22 2020] [notice] Server built: Sep 10 2011 11:34:11
[Mon Apr 20 12:20:22 2020] [notice] Parent: Created child process 1612
[Mon Apr 20 12:20:22 2020] [notice] Child 1612: Child process is running
[Mon Apr 20 12:20:22 2020] [notice] Child 1612: Acquired the start mutex.
[Mon Apr 20 12:20:22 2020] [notice] Child 1612: Starting 64 worker threads.
[Mon Apr 20 12:20:22 2020] [notice] Child 1612: Starting thread to listen on port 8080.
[Mon Apr 20 12:20:22 2020] [notice] Child 1612: Starting thread to listen on port 8080.
[Mon Apr 20 12:52:25 2020] [error] [client ::1] File does not exist: D:/Gebruikers/Jonas/Bureaublad/Nieemer Project/root/favicon.ico, referer: http://localhost:8080/
[Mon Apr 20 12:52:53 2020] [error] [client ::1] File does not exist: D:/Gebruikers/Jonas/Bureaublad/Nieemer Project/root/admin/menu.html
[Mon Apr 20 15:46:51 2020] [error] [client ::1] PHP Warning:  include(functions.php) [<a href='function.include'>function.include</a>]: failed to open stream: No such file or directory in D:\\Gebruikers\\Jonas\\Bureaublad\\Nieemer Project\\root\\admin\\menu.php on line 4, referer: http://localhost:8080/admin/menu.php?
[Mon Apr 20 15:46:51 2020] [error] [client ::1] PHP Warning:  include() [<a href='function.include'>function.include</a>]: Failed opening 'functions.php' for inclusion (include_path='.;C:\\php\\pear') in D:\\Gebruikers\\Jonas\\Bureaublad\\Nieemer Project\\root\\admin\\menu.php on line 4, referer: http://localhost:8080/admin/menu.php?
[Mon Apr 20 15:47:27 2020] [error] [client ::1] PHP Warning:  include(./php/functions.php) [<a href='function.include'>function.include</a>]: failed to open stream: No such file or directory in D:\\Gebruikers\\Jonas\\Bureaublad\\Nieemer Project\\root\\admin\\menu.php on line 4, referer: http://localhost:8080/admin/menu.php?
[Mon Apr 20 15:47:27 2020] [error] [client ::1] PHP Warning:  include() [<a href='function.include'>function.include</a>]: Failed opening './php/functions.php' for inclusion (include_path='.;C:\\php\\pear') in D:\\Gebruikers\\Jonas\\Bureaublad\\Nieemer Project\\root\\admin\\menu.php on line 4, referer: http://localhost:8080/admin/menu.php?
[Mon Apr 20 15:47:38 2020] [error] [client ::1] PHP Parse error:  syntax error, unexpected '[', expecting T_PAAMAYIM_NEKUDOTAYIM in D:\\Gebruikers\\Jonas\\Bureaublad\\Nieemer Project\\root\\php\\functions.php on line 2, referer: http://localhost:8080/admin/menu.php?
[Mon Apr 20 15:47:53 2020] [error] [client ::1] PHP Notice:  Undefined variable: url in D:\\Gebruikers\\Jonas\\Bureaublad\\Nieemer Project\\root\\php\\functions.php on line 38, referer: http://localhost:8080/admin/menu.php?
[Mon Apr 20 15:47:53 2020] [error] [client ::1] PHP Notice:  Undefined index: addNewMenuItem in D:\\Gebruikers\\Jonas\\Bureaublad\\Nieemer Project\\root\\php\\functions.php on line 2, referer: http://localhost:8080/admin/menu.php?
[Mon Apr 20 15:48:34 2020] [error] [client ::1] PHP Notice:  Undefined index: addNewMenuItem in D:\\Gebruikers\\Jonas\\Bureaublad\\Nieemer Project\\root\\php\\functions.php on line 2, referer: http://localhost:8080/admin/menu.php?
[Mon Apr 20 15:55:58 2020] [error] [client ::1] PHP Notice:  Undefined index: addNewMenuItem in D:\\Gebruikers\\Jonas\\Bureaublad\\Nieemer Project\\root\\php\\functions.php on line 2, referer: http://localhost:8080/admin/menu.php?
[Mon Apr 20 15:57:24 2020] [error] [client ::1] PHP Notice:  Undefined variable: url in D:\\Gebruikers\\Jonas\\Bureaublad\\Nieemer Project\\root\\php\\functions.php on line 36, referer: http://localhost:8080/admin/menu.php?
[Mon Apr 20 16:01:02 2020] [error] [client ::1] PHP Notice:  Undefined variable: url in D:\\Gebruikers\\Jonas\\Bureaublad\\Nieemer Project\\root\\php\\functions.php on line 36, referer: http://localhost:8080/admin/menu.php?
[Mon Apr 20 16:01:14 2020] [error] [client ::1] PHP Notice:  Undefined variable: url in D:\\Gebruikers\\Jonas\\Bureaublad\\Nieemer Project\\root\\php\\functions.php on line 36, referer: http://localhost:8080/admin/menu.php?
[Mon Apr 20 16:05:32 2020] [error] [client ::1] PHP Notice:  Undefined variable: url in D:\\Gebruikers\\Jonas\\Bureaublad\\Nieemer Project\\root\\php\\functions.php on line 36, referer: http://localhost:8080/admin/menu.php?
[Mon Apr 20 16:05:50 2020] [error] [client ::1] PHP Notice:  Undefined variable: url in D:\\Gebruikers\\Jonas\\Bureaublad\\Nieemer Project\\root\\php\\functions.php on line 36, referer: http://localhost:8080/admin/menu.php?
[Mon Apr 20 16:07:44 2020] [error] [client ::1] PHP Notice:  Undefined variable: url in D:\\Gebruikers\\Jonas\\Bureaublad\\Nieemer Project\\root\\php\\functions.php on line 36, referer: http://localhost:8080/admin/menu.php?
[Mon Apr 20 16:08:59 2020] [error] [client ::1] PHP Notice:  Undefined variable: url in D:\\Gebruikers\\Jonas\\Bureaublad\\Nieemer Project\\root\\php\\functions.php on line 36, referer: http://localhost:8080/admin/menu.php?
[Mon Apr 20 16:09:28 2020] [error] [client ::1] PHP Notice:  Undefined variable: url in D:\\Gebruikers\\Jonas\\Bureaublad\\Nieemer Project\\root\\php\\functions.php on line 36, referer: http://localhost:8080/admin/menu.php?
[Mon Apr 20 16:11:05 2020] [error] [client ::1] PHP Notice:  Undefined variable: url in D:\\Gebruikers\\Jonas\\Bureaublad\\Nieemer Project\\root\\php\\functions.php on line 36, referer: http://localhost:8080/admin/menu.php?
[Mon Apr 20 16:11:25 2020] [error] [client ::1] PHP Notice:  Undefined variable: url in D:\\Gebruikers\\Jonas\\Bureaublad\\Nieemer Project\\root\\php\\functions.php on line 35, referer: http://localhost:8080/admin/menu.php?
[Mon Apr 20 16:13:40 2020] [error] [client ::1] PHP Notice:  Undefined variable: url in D:\\Gebruikers\\Jonas\\Bureaublad\\Nieemer Project\\root\\php\\functions.php on line 36, referer: http://localhost:8080/admin/menu.php?
[Mon Apr 20 16:19:54 2020] [error] [client ::1] File does not exist: D:/Gebruikers/Jonas/Bureaublad/Nieemer Project/root/bediener/default.css, referer: http://localhost:8080/bediener/index.php
[Mon Apr 20 16:41:55 2020] [error] [client ::1] PHP Parse error:  syntax error, unexpected T_STRING in D:\\Gebruikers\\Jonas\\Bureaublad\\Nieemer Project\\root\\php\\bediener.php on line 18
[Mon Apr 20 16:42:50 2020] [error] [client ::1] PHP Parse error:  syntax error, unexpected T_WHILE, expecting ',' or ';' in D:\\Gebruikers\\Jonas\\Bureaublad\\Nieemer Project\\root\\php\\bediener.php on line 22
[Mon Apr 20 16:43:18 2020] [error] [client ::1] PHP Notice:  Undefined variable: link in D:\\Gebruikers\\Jonas\\Bureaublad\\Nieemer Project\\root\\php\\bediener.php on line 20
[Mon Apr 20 16:43:18 2020] [error] [client ::1] PHP Fatal error:  Call to a member function query() on a non-object in D:\\Gebruikers\\Jonas\\Bureaublad\\Nieemer Project\\root\\php\\bediener.php on line 20
[Mon Apr 20 16:43:51 2020] [error] [client ::1] PHP Notice:  Undefined variable: url in D:\\Gebruikers\\Jonas\\Bureaublad\\Nieemer Project\\root\\php\\admin.php on line 36, referer: http://localhost:8080/admin/menu.php
[Mon Apr 20 16:43:53 2020] [error] [client ::1] PHP Notice:  Undefined variable: link in D:\\Gebruikers\\Jonas\\Bureaublad\\Nieemer Project\\root\\php\\bediener.php on line 20
[Mon Apr 20 16:43:53 2020] [error] [client ::1] PHP Fatal error:  Call to a member function query() on a non-object in D:\\Gebruikers\\Jonas\\Bureaublad\\Nieemer Project\\root\\php\\bediener.php on line 20
[Mon Apr 20 16:43:56 2020] [error] [client ::1] PHP Notice:  Undefined variable: link in D:\\Gebruikers\\Jonas\\Bureaublad\\Nieemer Project\\root\\php\\bediener.php on line 20
[Mon Apr 20 16:43:56 2020] [error] [client ::1] PHP Fatal error:  Call to a member function query() on a non-object in D:\\Gebruikers\\Jonas\\Bureaublad\\Nieemer Project\\root\\php\\bediener.php on line 20
[Mon Apr 20 16:43:56 2020] [error] [client ::1] File does not exist: D:/Gebruikers/Jonas/Bureaublad/Nieemer Project/root/favicon.ico, referer: http://localhost:8080/bediener/index.php
[Mon Apr 20 16:46:39 2020] [error] [client ::1] PHP Notice:  Undefined variable: url in D:\\Gebruikers\\Jonas\\Bureaublad\\Nieemer Project\\root\\php\\admin.php on line 36, referer: http://localhost:8080/admin/menu.php
[Mon Apr 20 16:46:46 2020] [error] [client ::1] PHP Notice:  Undefined variable: link in D:\\Gebruikers\\Jonas\\Bureaublad\\Nieemer Project\\root\\php\\bediener.php on line 20
[Mon Apr 20 16:46:46 2020] [error] [client ::1] PHP Fatal error:  Call to a member function query() on a non-object in D:\\Gebruikers\\Jonas\\Bureaublad\\Nieemer Project\\root\\php\\bediener.php on line 20
[Mon Apr 20 17:00:38 2020] [error] [client ::1] PHP Parse error:  syntax error, unexpected T_STRING in D:\\Gebruikers\\Jonas\\Bureaublad\\Nieemer Project\\root\\php\\bediener.php on line 18
[Mon Apr 20 17:01:48 2020] [error] [client ::1] PHP Notice:  Undefined variable: link in D:\\Gebruikers\\Jonas\\Bureaublad\\Nieemer Project\\root\\php\\bediener.php on line 20
[Mon Apr 20 17:01:48 2020] [error] [client ::1] PHP Fatal error:  Call to a member function query() on a non-object in D:\\Gebruikers\\Jonas\\Bureaublad\\Nieemer Project\\root\\php\\bediener.php on line 20
[Mon Apr 20 17:02:42 2020] [error] [client ::1] PHP Notice:  Undefined variable: LinkDB in D:\\Gebruikers\\Jonas\\Bureaublad\\Nieemer Project\\root\\php\\bediener.php on line 20
[Mon Apr 20 17:02:42 2020] [error] [client ::1] PHP Fatal error:  Call to a member function query() on a non-object in D:\\Gebruikers\\Jonas\\Bureaublad\\Nieemer Project\\root\\php\\bediener.php on line 21
[Mon Apr 20 17:02:43 2020] [error] [client ::1] PHP Notice:  Undefined variable: LinkDB in D:\\Gebruikers\\Jonas\\Bureaublad\\Nieemer Project\\root\\php\\bediener.php on line 20
[Mon Apr 20 17:02:43 2020] [error] [client ::1] PHP Fatal error:  Call to a member function query() on a non-object in D:\\Gebruikers\\Jonas\\Bureaublad\\Nieemer Project\\root\\php\\bediener.php on line 21
[Mon Apr 20 17:02:44 2020] [error] [client ::1] PHP Notice:  Undefined variable: LinkDB in D:\\Gebruikers\\Jonas\\Bureaublad\\Nieemer Project\\root\\php\\bediener.php on line 20
[Mon Apr 20 17:02:44 2020] [error] [client ::1] PHP Fatal error:  Call to a member function query() on a non-object in D:\\Gebruikers\\Jonas\\Bureaublad\\Nieemer Project\\root\\php\\bediener.php on line 21
[Mon Apr 20 17:02:44 2020] [error] [client ::1] File does not exist: D:/Gebruikers/Jonas/Bureaublad/Nieemer Project/root/favicon.ico, referer: http://localhost:8080/bediener/index.php
[Mon Apr 20 17:02:54 2020] [error] [client ::1] PHP Parse error:  syntax error, unexpected T_STRING in D:\\Gebruikers\\Jonas\\Bureaublad\\Nieemer Project\\root\\php\\bediener.php on line 18
[Mon Apr 20 17:03:06 2020] [error] [client ::1] PHP Notice:  Undefined variable: LinkDB in D:\\Gebruikers\\Jonas\\Bureaublad\\Nieemer Project\\root\\php\\bediener.php on line 20
[Mon Apr 20 17:03:06 2020] [error] [client ::1] PHP Fatal error:  Call to a member function query() on a non-object in D:\\Gebruikers\\Jonas\\Bureaublad\\Nieemer Project\\root\\php\\bediener.php on line 21
[Mon Apr 20 17:03:06 2020] [error] [client ::1] File does not exist: D:/Gebruikers/Jonas/Bureaublad/Nieemer Project/root/favicon.ico, referer: http://localhost:8080/bediener/index.php
