200421 20:45:35 [Note] Plugin 'FEDERATED' is disabled.
200421 20:45:35 InnoDB: The InnoDB memory heap is disabled
200421 20:45:35 InnoDB: Mutexes and rw_locks use Windows interlocked functions
200421 20:45:35 InnoDB: Compressed tables use zlib 1.2.3
200421 20:45:35 InnoDB: Initializing buffer pool, size = 128.0M
200421 20:45:35 InnoDB: Completed initialization of buffer pool
200421 20:45:35 InnoDB: highest supported file format is Barracuda.
InnoDB: The log sequence number in ibdata files does not match
InnoDB: the log sequence number in the ib_logfiles!
200421 20:45:35  InnoDB: Database was not shut down normally!
InnoDB: Starting crash recovery.
InnoDB: Reading tablespace information from the .ibd files...
InnoDB: Restoring possible half-written data pages from the doublewrite
InnoDB: buffer...
200421 20:45:35  InnoDB: Waiting for the background threads to start
200421 20:45:36 InnoDB: 1.1.8 started; log sequence number 1713547
200422 17:35:30 [Note] Plugin 'FEDERATED' is disabled.
200422 17:35:30 InnoDB: The InnoDB memory heap is disabled
200422 17:35:30 InnoDB: Mutexes and rw_locks use Windows interlocked functions
200422 17:35:30 InnoDB: Compressed tables use zlib 1.2.3
200422 17:35:30 InnoDB: Initializing buffer pool, size = 128.0M
200422 17:35:30 InnoDB: Completed initialization of buffer pool
200422 17:35:30 InnoDB: highest supported file format is Barracuda.
InnoDB: The log sequence number in ibdata files does not match
InnoDB: the log sequence number in the ib_logfiles!
200422 17:35:30  InnoDB: Database was not shut down normally!
InnoDB: Starting crash recovery.
InnoDB: Reading tablespace information from the .ibd files...
InnoDB: Restoring possible half-written data pages from the doublewrite
InnoDB: buffer...
200422 17:35:30  InnoDB: Waiting for the background threads to start
200422 17:35:31 InnoDB: 1.1.8 started; log sequence number 1713557
200422 17:43:43 [Note] Plugin 'FEDERATED' is disabled.
200422 17:43:43 InnoDB: The InnoDB memory heap is disabled
200422 17:43:43 InnoDB: Mutexes and rw_locks use Windows interlocked functions
200422 17:43:43 InnoDB: Compressed tables use zlib 1.2.3
200422 17:43:43 InnoDB: Initializing buffer pool, size = 128.0M
200422 17:43:43 InnoDB: Completed initialization of buffer pool
200422 17:43:43 InnoDB: highest supported file format is Barracuda.
InnoDB: The log sequence number in ibdata files does not match
InnoDB: the log sequence number in the ib_logfiles!
200422 17:43:43  InnoDB: Database was not shut down normally!
InnoDB: Starting crash recovery.
InnoDB: Reading tablespace information from the .ibd files...
InnoDB: Restoring possible half-written data pages from the doublewrite
InnoDB: buffer...
200422 17:43:44  InnoDB: Waiting for the background threads to start
200422 17:43:45 InnoDB: 1.1.8 started; log sequence number 1713567
