200512 11:56:01 [Note] Plugin 'FEDERATED' is disabled.
200512 11:56:01 InnoDB: The InnoDB memory heap is disabled
200512 11:56:01 InnoDB: Mutexes and rw_locks use Windows interlocked functions
200512 11:56:01 InnoDB: Compressed tables use zlib 1.2.3
200512 11:56:01 InnoDB: Initializing buffer pool, size = 128.0M
200512 11:56:01 InnoDB: Completed initialization of buffer pool
200512 11:56:01 InnoDB: highest supported file format is Barracuda.
InnoDB: The log sequence number in ibdata files does not match
InnoDB: the log sequence number in the ib_logfiles!
200512 11:56:01  InnoDB: Database was not shut down normally!
InnoDB: Starting crash recovery.
InnoDB: Reading tablespace information from the .ibd files...
InnoDB: Restoring possible half-written data pages from the doublewrite
InnoDB: buffer...
200512 11:56:01  InnoDB: Waiting for the background threads to start
200512 11:56:02 InnoDB: 1.1.8 started; log sequence number 1713577
200512 12:47:07 [Note] Plugin 'FEDERATED' is disabled.
200512 12:47:07 InnoDB: The InnoDB memory heap is disabled
200512 12:47:07 InnoDB: Mutexes and rw_locks use Windows interlocked functions
200512 12:47:07 InnoDB: Compressed tables use zlib 1.2.3
200512 12:47:07 InnoDB: Initializing buffer pool, size = 128.0M
200512 12:47:07 InnoDB: Completed initialization of buffer pool
200512 12:47:07 InnoDB: highest supported file format is Barracuda.
InnoDB: The log sequence number in ibdata files does not match
InnoDB: the log sequence number in the ib_logfiles!
200512 12:47:07  InnoDB: Database was not shut down normally!
InnoDB: Starting crash recovery.
InnoDB: Reading tablespace information from the .ibd files...
InnoDB: Restoring possible half-written data pages from the doublewrite
InnoDB: buffer...
200512 12:47:08  InnoDB: Waiting for the background threads to start
200512 12:47:09 InnoDB: 1.1.8 started; log sequence number 1713980
